№╗┐[22:56:20.857][Тјбжњѕ][GizmoТІќтіе][PointerMovedтЁЦтЈБ] УДдтЈЉ=PointerMoved ТюгжўХТ«х=0.336ms у┤»У«А=0.336ms UI=тљд WorldState=тљд Diagnostics=тљд Inspector=тљд
[22:56:20.866][Тјбжњѕ][GizmoТІќтіе][Gizmo hit/drag Уи»ућ▒] УДдтЈЉ=PointerMoved ТюгжўХТ«х=9.186ms у┤»У«А=9.522ms UI=тљд WorldState=тљд Diagnostics=тљд Inspector=тљд
[22:56:20.869][Тјбжњѕ][GizmoТІќтіе][тИДу╗ЊТЮЪ] УДдтЈЉ=PointerMoved ТюгжўХТ«х=3.101ms у┤»У«А=12.623ms UI=тљд WorldState=тљд Diagnostics=тљд Inspector=тљд
[22:56:21.086][Тјбжњѕ][Selection][Changed] origin=ViewportPicking entity=2 name=sample_unit_2
[22:56:21.104][Тјбжњѕ][Selection][SceneSync] entity=2 schedule=SelectionChanged
[22:56:23.092][Тјбжњѕ][GizmoТІќтіе][PointerMovedтЁЦтЈБ] УДдтЈЉ=PointerMoved ТюгжўХТ«х=0.010ms у┤»У«А=0.010ms UI=тљд WorldState=тљд Diagnostics=тљд Inspector=тљд
[22:56:23.093][Тјбжњѕ][GizmoТІќтіе][Gizmo hit/drag Уи»ућ▒] УДдтЈЉ=PointerMoved ТюгжўХТ«х=0.969ms у┤»У«А=0.979ms UI=тљд WorldState=тљд Diagnostics=тљд Inspector=тљд
[22:56:23.094][Тјбжњѕ][GizmoТІќтіе][тИДу╗ЊТЮЪ] УДдтЈЉ=PointerMoved ТюгжўХТ«х=1.041ms у┤»У«А=2.020ms UI=тљд WorldState=тљд Diagnostics=тљд Inspector=тљд
[22:56:23.308][Тјбжњѕ][GizmoPress][HitTest] selected=2 presented=none xy=(417,232) hover=None
[22:56:23.430][Тјбжњѕ][GizmoТІќтіе][PointerMovedтЁЦтЈБ] УДдтЈЉ=PointerMoved ТюгжўХТ«х=0.007ms у┤»У«А=0.007ms UI=тљд WorldState=тљд Diagnostics=тљд Inspector=тљд
[22:56:23.431][Тјбжњѕ][GizmoТІќтіе][Gizmo hit/drag Уи»ућ▒] УДдтЈЉ=PointerMoved ТюгжўХТ«х=0.679ms у┤»У«А=0.686ms UI=тљд WorldState=тљд Diagnostics=тљд Inspector=тљд
[22:56:23.432][Тјбжњѕ][GizmoТІќтіе][тИДу╗ЊТЮЪ] УДдтЈЉ=PointerMoved ТюгжўХТ«х=0.477ms у┤»У«А=1.163ms UI=тљд WorldState=тљд Diagnostics=тљд Inspector=тљд
[22:56:23.460][Тјбжњѕ][GizmoТІќтіе][PointerMovedтЁЦтЈБ] УДдтЈЉ=PointerMoved ТюгжўХТ«х=0.018ms у┤»У«А=0.018ms UI=тљд WorldState=тљд Diagnostics=тљд Inspector=тљд
[22:56:23.462][Тјбжњѕ][GizmoТІќтіе][Gizmo hit/drag Уи»ућ▒] УДдтЈЉ=PointerMoved ТюгжўХТ«х=1.115ms у┤»У«А=1.133ms UI=тљд WorldState=тљд Diagnostics=тљд Inspector=тљд
[22:56:23.463][Тјбжњѕ][GizmoТІќтіе][тИДу╗ЊТЮЪ] УДдтЈЉ=PointerMoved ТюгжўХТ«х=1.224ms у┤»У«А=2.357ms UI=тљд WorldState=тљд Diagnostics=тљд Inspector=тљд
[22:56:23.492][Тјбжњѕ][GizmoТІќтіе][PointerMovedтЁЦтЈБ] УДдтЈЉ=PointerMoved ТюгжўХТ«х=0.013ms у┤»У«А=0.013ms UI=тљд WorldState=тљд Diagnostics=тљд Inspector=тљд
[22:56:23.493][Тјбжњѕ][GizmoТІќтіе][Gizmo hit/drag Уи»ућ▒] УДдтЈЉ=PointerMoved ТюгжўХТ«х=1.186ms у┤»У«А=1.200ms UI=тљд WorldState=тљд Diagnostics=тљд Inspector=тљд
[22:56:23.494][Тјбжњѕ][GizmoТІќтіе][тИДу╗ЊТЮЪ] УДдтЈЉ=PointerMoved ТюгжўХТ«х=0.565ms у┤»У«А=1.765ms UI=тљд WorldState=тљд Diagnostics=тљд Inspector=тљд
[22:56:23.538][Тјбжњѕ][GizmoТІќтіе][PointerMovedтЁЦтЈБ] УДдтЈЉ=PointerMoved ТюгжўХТ«х=0.010ms у┤»У«А=0.010ms UI=тљд WorldState=тљд Diagnostics=тљд Inspector=тљд
[22:56:23.540][Тјбжњѕ][GizmoТІќтіе][Gizmo hit/drag Уи»ућ▒] УДдтЈЉ=PointerMoved ТюгжўХТ«х=1.317ms у┤»У«А=1.326ms UI=тљд WorldState=тљд Diagnostics=тљд Inspector=тљд
[22:56:23.541][Тјбжњѕ][GizmoТІќтіе][тИДу╗ЊТЮЪ] УДдтЈЉ=PointerMoved ТюгжўХТ«х=0.834ms у┤»У«А=2.161ms UI=тљд WorldState=тљд Diagnostics=тљд Inspector=тљд
[22:56:23.570][Тјбжњѕ][GizmoТІќтіе][PointerMovedтЁЦтЈБ] УДдтЈЉ=PointerMoved ТюгжўХТ«х=0.010ms у┤»У«А=0.010ms UI=тљд WorldState=тљд Diagnostics=тљд Inspector=тљд
[22:56:23.571][Тјбжњѕ][GizmoТІќтіе][Gizmo hit/drag Уи»ућ▒] УДдтЈЉ=PointerMoved ТюгжўХТ«х=1.013ms у┤»У«А=1.023ms UI=тљд WorldState=тљд Diagnostics=тљд Inspector=тљд
[22:56:23.572][Тјбжњѕ][GizmoТІќтіе][тИДу╗ЊТЮЪ] УДдтЈЉ=PointerMoved ТюгжўХТ«х=0.724ms у┤»У«А=1.746ms UI=тљд WorldState=тљд Diagnostics=тљд Inspector=тљд
[22:56:23.601][Тјбжњѕ][GizmoТІќтіе][PointerMovedтЁЦтЈБ] УДдтЈЉ=PointerMoved ТюгжўХТ«х=0.008ms у┤»У«А=0.008ms UI=тљд WorldState=тљд Diagnostics=тљд Inspector=тљд
[22:56:23.602][Тјбжњѕ][GizmoТІќтіе][Gizmo hit/drag Уи»ућ▒] УДдтЈЉ=PointerMoved ТюгжўХТ«х=0.875ms у┤»У«А=0.883ms UI=тљд WorldState=тљд Diagnostics=тљд Inspector=тљд
[22:56:23.603][Тјбжњѕ][GizmoТІќтіе][тИДу╗ЊТЮЪ] УДдтЈЉ=PointerMoved ТюгжўХТ«х=0.691ms у┤»У«А=1.574ms UI=тљд WorldState=тљд Diagnostics=тљд Inspector=тљд
[22:56:23.633][Тјбжњѕ][GizmoТІќтіе][PointerMovedтЁЦтЈБ] УДдтЈЉ=PointerMoved ТюгжўХТ«х=0.007ms у┤»У«А=0.007ms UI=тљд WorldState=тљд Diagnostics=тљд Inspector=тљд
[22:56:23.634][Тјбжњѕ][GizmoТІќтіе][Gizmo hit/drag Уи»ућ▒] УДдтЈЉ=PointerMoved ТюгжўХТ«х=0.994ms у┤»У«А=1.002ms UI=тљд WorldState=тљд Diagnostics=тљд Inspector=тљд
[22:56:23.635][Тјбжњѕ][GizmoТІќтіе][тИДу╗ЊТЮЪ] УДдтЈЉ=PointerMoved ТюгжўХТ«х=0.668ms у┤»У«А=1.670ms UI=тљд WorldState=тљд Diagnostics=тљд Inspector=тљд
[22:56:23.664][Тјбжњѕ][GizmoТІќтіе][PointerMovedтЁЦтЈБ] УДдтЈЉ=PointerMoved ТюгжўХТ«х=0.008ms у┤»У«А=0.008ms UI=тљд WorldState=тљд Diagnostics=тљд Inspector=тљд
[22:56:23.665][Тјбжњѕ][GizmoТІќтіе][Gizmo hit/drag Уи»ућ▒] УДдтЈЉ=PointerMoved ТюгжўХТ«х=0.660ms у┤»У«А=0.668ms UI=тљд WorldState=тљд Diagnostics=тљд Inspector=тљд
[22:56:23.665][Тјбжњѕ][GizmoТІќтіе][тИДу╗ЊТЮЪ] УДдтЈЉ=PointerMoved ТюгжўХТ«х=0.558ms у┤»У«А=1.226ms UI=тљд WorldState=тљд Diagnostics=тљд Inspector=тљд
[22:56:23.695][Тјбжњѕ][GizmoТІќтіе][PointerMovedтЁЦтЈБ] УДдтЈЉ=PointerMoved ТюгжўХТ«х=0.006ms у┤»У«А=0.006ms UI=тљд WorldState=тљд Diagnostics=тљд Inspector=тљд
[22:56:23.696][Тјбжњѕ][GizmoТІќтіе][Gizmo hit/drag Уи»ућ▒] УДдтЈЉ=PointerMoved ТюгжўХТ«х=0.740ms у┤»У«А=0.745ms UI=тљд WorldState=тљд Diagnostics=тљд Inspector=тљд
[22:56:23.696][Тјбжњѕ][GizmoТІќтіе][тИДу╗ЊТЮЪ] УДдтЈЉ=PointerMoved ТюгжўХТ«х=0.555ms у┤»У«А=1.300ms UI=тљд WorldState=тљд Diagnostics=тљд Inspector=тљд
[22:56:23.727][Тјбжњѕ][GizmoТІќтіе][PointerMovedтЁЦтЈБ] УДдтЈЉ=PointerMoved ТюгжўХТ«х=0.008ms у┤»У«А=0.008ms UI=тљд WorldState=тљд Diagnostics=тљд Inspector=тљд
[22:56:23.727][Тјбжњѕ][GizmoТІќтіе][Gizmo hit/drag Уи»ућ▒] УДдтЈЉ=PointerMoved ТюгжўХТ«х=0.887ms у┤»У«А=0.895ms UI=тљд WorldState=тљд Diagnostics=тљд Inspector=тљд
[22:56:23.728][Тјбжњѕ][GizmoТІќтіе][тИДу╗ЊТЮЪ] УДдтЈЉ=PointerMoved ТюгжўХТ«х=0.653ms у┤»У«А=1.548ms UI=тљд WorldState=тљд Diagnostics=тљд Inspector=тљд
[22:56:23.757][Тјбжњѕ][GizmoТІќтіе][PointerMovedтЁЦтЈБ] УДдтЈЉ=PointerMoved ТюгжўХТ«х=0.006ms у┤»У«А=0.006ms UI=тљд WorldState=тљд Diagnostics=тљд Inspector=тљд
[22:56:23.757][Тјбжњѕ][GizmoТІќтіе][Gizmo hit/drag Уи»ућ▒] УДдтЈЉ=PointerMoved ТюгжўХТ«х=0.668ms у┤»У«А=0.674ms UI=тљд WorldState=тљд Diagnostics=тљд Inspector=тљд
[22:56:23.758][Тјбжњѕ][GizmoТІќтіе][тИДу╗ЊТЮЪ] УДдтЈЉ=PointerMoved ТюгжўХТ«х=0.487ms у┤»У«А=1.162ms UI=тљд WorldState=тљд Diagnostics=тљд Inspector=тљд
[22:56:23.789][Тјбжњѕ][GizmoТІќтіе][PointerMovedтЁЦтЈБ] УДдтЈЉ=PointerMoved ТюгжўХТ«х=0.010ms у┤»У«А=0.010ms UI=тљд WorldState=тљд Diagnostics=тљд Inspector=тљд
[22:56:23.790][Тјбжњѕ][GizmoТІќтіе][Gizmo hit/drag Уи»ућ▒] УДдтЈЉ=PointerMoved ТюгжўХТ«х=1.014ms у┤»У«А=1.024ms UI=тљд WorldState=тљд Diagnostics=тљд Inspector=тљд
[22:56:23.791][Тјбжњѕ][GizmoТІќтіе][тИДу╗ЊТЮЪ] УДдтЈЉ=PointerMoved ТюгжўХТ«х=0.856ms у┤»У«А=1.879ms UI=тљд WorldState=тљд Diagnostics=тљд Inspector=тљд
[22:56:24.834][Тјбжњѕ][GizmoТІќтіе][PointerMovedтЁЦтЈБ] УДдтЈЉ=PointerMoved ТюгжўХТ«х=0.005ms у┤»У«А=0.005ms UI=тљд WorldState=тљд Diagnostics=тљд Inspector=тљд
[22:56:24.835][Тјбжњѕ][GizmoТІќтіе][Gizmo hit/drag Уи»ућ▒] УДдтЈЉ=PointerMoved ТюгжўХТ«х=0.635ms у┤»У«А=0.640ms UI=тљд WorldState=тљд Diagnostics=тљд Inspector=тљд
[22:56:24.836][Тјбжњѕ][GizmoТІќтіе][тИДу╗ЊТЮЪ] УДдтЈЉ=PointerMoved ТюгжўХТ«х=0.468ms у┤»У«А=1.108ms UI=тљд WorldState=тљд Diagnostics=тљд Inspector=тљд
[22:56:25.037][Тјбжњѕ][GizmoPress][HitTest] selected=2 presented=none xy=(337,232) hover=None
[22:56:25.147][Тјбжњѕ][GizmoТІќтіе][PointerMovedтЁЦтЈБ] УДдтЈЉ=PointerMoved ТюгжўХТ«х=0.005ms у┤»У«А=0.005ms UI=тљд WorldState=тљд Diagnostics=тљд Inspector=тљд
[22:56:25.148][Тјбжњѕ][GizmoТІќтіе][Gizmo hit/drag Уи»ућ▒] УДдтЈЉ=PointerMoved ТюгжўХТ«х=0.538ms у┤»У«А=0.542ms UI=тљд WorldState=тљд Diagnostics=тљд Inspector=тљд
[22:56:25.148][Тјбжњѕ][GizmoТІќтіе][Preview transform У«Ау«Ќ] УДдтЈЉ=PointerMoved ТюгжўХТ«х=0.393ms у┤»У«А=0.935ms UI=тљд WorldState=тљд Diagnostics=тљд Inspector=тљд
[22:56:25.151][Тјбжњѕ][GizmoТІќтіе][Gizmo drag У«Ау«Ќ] УДдтЈЉ=PointerMoved ТюгжўХТ«х=2.317ms у┤»У«А=3.252ms UI=тљд WorldState=тљд Diagnostics=тљд Inspector=тљд
[22:56:25.152][Тјбжњѕ][GizmoТІќтіе][RenderScene preview тєЎтЁЦ] УДдтЈЉ=PointerMoved ТюгжўХТ«х=1.381ms у┤»У«А=4.633ms UI=тљд WorldState=тљд Diagnostics=тљд Inspector=тљд
[22:56:25.154][Тјбжњѕ][GizmoТІќтіе][RenderScene тєЁтГўТЏ┤Тќ░] УДдтЈЉ=PointerMoved ТюгжўХТ«х=1.491ms у┤»У«А=6.124ms UI=тљд WorldState=тљд Diagnostics=тљд Inspector=тљд
[22:56:25.155][Тјбжњѕ][GizmoТІќтіе][RenderScene preview тєЎтЁЦт«їТѕљ] УДдтЈЉ=PointerMoved ТюгжўХТ«х=0.934ms у┤»У«А=7.059ms UI=тљд WorldState=тљд Diagnostics=тљд Inspector=тљд
[22:56:25.155][Тјбжњѕ][GizmoТІќтіе][Redraw У»иТ▒ѓ reason=TransformPreview] УДдтЈЉ=PointerMoved ТюгжўХТ«х=0.657ms у┤»У«А=7.715ms UI=тљд WorldState=тљд Diagnostics=тљд Inspector=тљд
[22:56:25.156][Тјбжњѕ][GizmoТІќтіе][Redraw У»иТ▒ѓУ░Ѓт║д reason=TransformPreview] УДдтЈЉ=PointerMoved ТюгжўХТ«х=0.424ms у┤»У«А=8.139ms UI=тљд WorldState=тљд Diagnostics=тљд Inspector=тљд
[22:56:25.156][Тјбжњѕ][GizmoТІќтіе][PickSnapshot тѕиТќ░Уи│У┐Є(Preview)] УДдтЈЉ=PointerMoved ТюгжўХТ«х=0.363ms у┤»У«А=8.502ms UI=тљд WorldState=тљд Diagnostics=тљд Inspector=тљд
[22:56:25.156][Тјбжњѕ][GizmoТІќтіе][Dispatcher.UIThread.Post тЁЦжўЪ] УДдтЈЉ=PointerMoved ТюгжўХТ«х=0.408ms у┤»У«А=8.910ms UI=тљд WorldState=тљд Diagnostics=тљд Inspector=тљд
[22:56:25.157][Тјбжњѕ][GizmoТІќтіе][тИДу╗ЊТЮЪ] УДдтЈЉ=PointerMoved ТюгжўХТ«х=0.468ms у┤»У«А=9.378ms UI=тљд WorldState=тљд Diagnostics=тљд Inspector=тљд
[22:56:25.157][Тјбжњѕ][GizmoТІќтіе][Dispatcher.UIThread.Post ТЅДУАї] УДдтЈЉ=PointerMoved ТюгжўХТ«х=0.668ms у┤»У«А=10.046ms UI=тљд WorldState=тљд Diagnostics=тљд Inspector=тљд
[22:56:25.159][Тјбжњѕ][GizmoТІќтіе][Preview Render т«їТѕљ success=True] УДдтЈЉ=PointerMoved ТюгжўХТ«х=1.325ms у┤»У«А=11.371ms UI=тљд WorldState=тљд Diagnostics=тљд Inspector=тљд
[22:56:25.159][Тјбжњѕ][GizmoТІќтіе][Preview тИДУи│У┐Є Diagnostics тѕиТќ░] УДдтЈЉ=PointerMoved ТюгжўХТ«х=0.553ms у┤»У«А=11.924ms UI=тљд WorldState=тљд Diagnostics=тљд Inspector=тљд
[22:56:25.193][Тјбжњѕ][GizmoТІќтіе][PointerMovedтЁЦтЈБ] УДдтЈЉ=PointerMoved ТюгжўХТ«х=0.006ms у┤»У«А=0.006ms UI=тљд WorldState=тљд Diagnostics=тљд Inspector=тљд
[22:56:25.193][Тјбжњѕ][GizmoТІќтіе][Gizmo hit/drag Уи»ућ▒] УДдтЈЉ=PointerMoved ТюгжўХТ«х=0.854ms у┤»У«А=0.859ms UI=тљд WorldState=тљд Diagnostics=тљд Inspector=тљд
[22:56:25.194][Тјбжњѕ][GizmoТІќтіе][Preview transform У«Ау«Ќ] УДдтЈЉ=PointerMoved ТюгжўХТ«х=0.572ms у┤»У«А=1.431ms UI=тљд WorldState=тљд Diagnostics=тљд Inspector=тљд
[22:56:25.195][Тјбжњѕ][GizmoТІќтіе][Gizmo drag У«Ау«Ќ] УДдтЈЉ=PointerMoved ТюгжўХТ«х=0.469ms у┤»У«А=1.901ms UI=тљд WorldState=тљд Diagnostics=тљд Inspector=тљд
[22:56:25.195][Тјбжњѕ][GizmoТІќтіе][RenderScene preview тєЎтЁЦ] УДдтЈЉ=PointerMoved ТюгжўХТ«х=0.422ms у┤»У«А=2.323ms UI=тљд WorldState=тљд Diagnostics=тљд Inspector=тљд
[22:56:25.195][Тјбжњѕ][GizmoТІќтіе][RenderScene тєЁтГўТЏ┤Тќ░] УДдтЈЉ=PointerMoved ТюгжўХТ«х=0.394ms у┤»У«А=2.716ms UI=тљд WorldState=тљд Diagnostics=тљд Inspector=тљд
[22:56:25.196][Тјбжњѕ][GizmoТІќтіе][RenderScene preview тєЎтЁЦт«їТѕљ] УДдтЈЉ=PointerMoved ТюгжўХТ«х=0.366ms у┤»У«А=3.083ms UI=тљд WorldState=тљд Diagnostics=тљд Inspector=тљд
[22:56:25.196][Тјбжњѕ][GizmoТІќтіе][Redraw У»иТ▒ѓ reason=TransformPreview] УДдтЈЉ=PointerMoved ТюгжўХТ«х=0.357ms у┤»У«А=3.439ms UI=тљд WorldState=тљд Diagnostics=тљд Inspector=тљд
[22:56:25.196][Тјбжњѕ][GizmoТІќтіе][Redraw У»иТ▒ѓУ░Ѓт║д reason=TransformPreview] УДдтЈЉ=PointerMoved ТюгжўХТ«х=0.408ms у┤»У«А=3.847ms UI=тљд WorldState=тљд Diagnostics=тљд Inspector=тљд
[22:56:25.197][Тјбжњѕ][GizmoТІќтіе][PickSnapshot тѕиТќ░Уи│У┐Є(Preview)] УДдтЈЉ=PointerMoved ТюгжўХТ«х=0.345ms у┤»У«А=4.192ms UI=тљд WorldState=тљд Diagnostics=тљд Inspector=тљд
[22:56:25.197][Тјбжњѕ][GizmoТІќтіе][Dispatcher.UIThread.Post тЁЦжўЪ] УДдтЈЉ=PointerMoved ТюгжўХТ«х=0.409ms у┤»У«А=4.601ms UI=тљд WorldState=тљд Diagnostics=тљд Inspector=тљд
[22:56:25.198][Тјбжњѕ][GizmoТІќтіе][тИДу╗ЊТЮЪ] УДдтЈЉ=PointerMoved ТюгжўХТ«х=0.381ms у┤»У«А=4.982ms UI=тљд WorldState=тљд Diagnostics=тљд Inspector=тљд
[22:56:25.198][Тјбжњѕ][GizmoТІќтіе][Dispatcher.UIThread.Post ТЅДУАї] УДдтЈЉ=PointerMoved ТюгжўХТ«х=0.631ms у┤»У«А=5.613ms UI=тљд WorldState=тљд Diagnostics=тљд Inspector=тљд
[22:56:25.199][Тјбжњѕ][GizmoТІќтіе][Preview Render т«їТѕљ success=True] УДдтЈЉ=PointerMoved ТюгжўХТ«х=1.092ms у┤»У«А=6.705ms UI=тљд WorldState=тљд Diagnostics=тљд Inspector=тљд
[22:56:25.200][Тјбжњѕ][GizmoТІќтіе][Preview тИДУи│У┐Є Diagnostics тѕиТќ░] УДдтЈЉ=PointerMoved ТюгжўХТ«х=0.478ms у┤»У«А=7.182ms UI=тљд WorldState=тљд Diagnostics=тљд Inspector=тљд
[22:56:25.224][Тјбжњѕ][GizmoТІќтіе][PointerMovedтЁЦтЈБ] УДдтЈЉ=PointerMoved ТюгжўХТ«х=0.009ms у┤»У«А=0.009ms UI=тљд WorldState=тљд Diagnostics=тљд Inspector=тљд
[22:56:25.225][Тјбжњѕ][GizmoТІќтіе][Gizmo hit/drag Уи»ућ▒] УДдтЈЉ=PointerMoved ТюгжўХТ«х=0.789ms у┤»У«А=0.798ms UI=тљд WorldState=тљд Diagnostics=тљд Inspector=тљд
[22:56:25.225][Тјбжњѕ][GizmoТІќтіе][Preview transform У«Ау«Ќ] УДдтЈЉ=PointerMoved ТюгжўХТ«х=0.773ms у┤»У«А=1.571ms UI=тљд WorldState=тљд Diagnostics=тљд Inspector=тљд
[22:56:25.226][Тјбжњѕ][GizmoТІќтіе][Gizmo drag У«Ау«Ќ] УДдтЈЉ=PointerMoved ТюгжўХТ«х=0.417ms у┤»У«А=1.988ms UI=тљд WorldState=тљд Diagnostics=тљд Inspector=тљд
[22:56:25.226][Тјбжњѕ][GizmoТІќтіе][RenderScene preview тєЎтЁЦ] УДдтЈЉ=PointerMoved ТюгжўХТ«х=0.363ms у┤»У«А=2.352ms UI=тљд WorldState=тљд Diagnostics=тљд Inspector=тљд
[22:56:25.226][Тјбжњѕ][GizmoТІќтіе][RenderScene тєЁтГўТЏ┤Тќ░] УДдтЈЉ=PointerMoved ТюгжўХТ«х=0.406ms у┤»У«А=2.758ms UI=тљд WorldState=тљд Diagnostics=тљд Inspector=тљд
[22:56:25.227][Тјбжњѕ][GizmoТІќтіе][RenderScene preview тєЎтЁЦт«їТѕљ] УДдтЈЉ=PointerMoved ТюгжўХТ«х=0.391ms у┤»У«А=3.149ms UI=тљд WorldState=тљд Diagnostics=тљд Inspector=тљд
[22:56:25.227][Тјбжњѕ][GizmoТІќтіе][Redraw У»иТ▒ѓ reason=TransformPreview] УДдтЈЉ=PointerMoved ТюгжўХТ«х=0.380ms у┤»У«А=3.529ms UI=тљд WorldState=тљд Diagnostics=тљд Inspector=тљд
[22:56:25.228][Тјбжњѕ][GizmoТІќтіе][Redraw У»иТ▒ѓУ░Ѓт║д reason=TransformPreview] УДдтЈЉ=PointerMoved ТюгжўХТ«х=0.363ms у┤»У«А=3.892ms UI=тљд WorldState=тљд Diagnostics=тљд Inspector=тљд
[22:56:25.228][Тјбжњѕ][GizmoТІќтіе][PickSnapshot тѕиТќ░Уи│У┐Є(Preview)] УДдтЈЉ=PointerMoved ТюгжўХТ«х=0.422ms у┤»У«А=4.314ms UI=тљд WorldState=тљд Diagnostics=тљд Inspector=тљд
[22:56:25.228][Тјбжњѕ][GizmoТІќтіе][Dispatcher.UIThread.Post тЁЦжўЪ] УДдтЈЉ=PointerMoved ТюгжўХТ«х=0.395ms у┤»У«А=4.709ms UI=тљд WorldState=тљд Diagnostics=тљд Inspector=тљд
[22:56:25.229][Тјбжњѕ][GizmoТІќтіе][тИДу╗ЊТЮЪ] УДдтЈЉ=PointerMoved ТюгжўХТ«х=0.398ms у┤»У«А=5.107ms UI=тљд WorldState=тљд Diagnostics=тљд Inspector=тљд
[22:56:25.230][Тјбжњѕ][GizmoТІќтіе][Dispatcher.UIThread.Post ТЅДУАї] УДдтЈЉ=PointerMoved ТюгжўХТ«х=0.727ms у┤»У«А=5.834ms UI=тљд WorldState=тљд Diagnostics=тљд Inspector=тљд
[22:56:25.231][Тјбжњѕ][GizmoТІќтіе][Preview Render т«їТѕљ success=True] УДдтЈЉ=PointerMoved ТюгжўХТ«х=1.003ms у┤»У«А=6.837ms UI=тљд WorldState=тљд Diagnostics=тљд Inspector=тљд
[22:56:25.231][Тјбжњѕ][GizmoТІќтіе][Preview тИДУи│У┐Є Diagnostics тѕиТќ░] УДдтЈЉ=PointerMoved ТюгжўХТ«х=0.504ms у┤»У«А=7.340ms UI=тљд WorldState=тљд Diagnostics=тљд Inspector=тљд
[22:56:25.255][Тјбжњѕ][GizmoТІќтіе][PointerMovedтЁЦтЈБ] УДдтЈЉ=PointerMoved ТюгжўХТ«х=0.007ms у┤»У«А=0.007ms UI=тљд WorldState=тљд Diagnostics=тљд Inspector=тљд
[22:56:25.255][Тјбжњѕ][GizmoТІќтіе][Gizmo hit/drag Уи»ућ▒] УДдтЈЉ=PointerMoved ТюгжўХТ«х=0.880ms у┤»У«А=0.887ms UI=тљд WorldState=тљд Diagnostics=тљд Inspector=тљд
[22:56:25.256][Тјбжњѕ][GizmoТІќтіе][Preview transform У«Ау«Ќ] УДдтЈЉ=PointerMoved ТюгжўХТ«х=0.522ms у┤»У«А=1.409ms UI=тљд WorldState=тљд Diagnostics=тљд Inspector=тљд
[22:56:25.256][Тјбжњѕ][GizmoТІќтіе][Gizmo drag У«Ау«Ќ] УДдтЈЉ=PointerMoved ТюгжўХТ«х=0.413ms у┤»У«А=1.822ms UI=тљд WorldState=тљд Diagnostics=тљд Inspector=тљд
[22:56:25.257][Тјбжњѕ][GizmoТІќтіе][RenderScene preview тєЎтЁЦ] УДдтЈЉ=PointerMoved ТюгжўХТ«х=0.357ms у┤»У«А=2.179ms UI=тљд WorldState=тљд Diagnostics=тљд Inspector=тљд
[22:56:25.257][Тјбжњѕ][GizmoТІќтіе][RenderScene тєЁтГўТЏ┤Тќ░] УДдтЈЉ=PointerMoved ТюгжўХТ«х=0.402ms у┤»У«А=2.581ms UI=тљд WorldState=тљд Diagnostics=тљд Inspector=тљд
[22:56:25.258][Тјбжњѕ][GizmoТІќтіе][RenderScene preview тєЎтЁЦт«їТѕљ] УДдтЈЉ=PointerMoved ТюгжўХТ«х=0.381ms у┤»У«А=2.963ms UI=тљд WorldState=тљд Diagnostics=тљд Inspector=тљд
[22:56:25.258][Тјбжњѕ][GizmoТІќтіе][Redraw У»иТ▒ѓ reason=TransformPreview] УДдтЈЉ=PointerMoved ТюгжўХТ«х=0.408ms у┤»У«А=3.371ms UI=тљд WorldState=тљд Diagnostics=тљд Inspector=тљд
[22:56:25.258][Тјбжњѕ][GizmoТІќтіе][Redraw У»иТ▒ѓУ░Ѓт║д reason=TransformPreview] УДдтЈЉ=PointerMoved ТюгжўХТ«х=0.370ms у┤»У«А=3.741ms UI=тљд WorldState=тљд Diagnostics=тљд Inspector=тљд
[22:56:25.259][Тјбжњѕ][GizmoТІќтіе][PickSnapshot тѕиТќ░Уи│У┐Є(Preview)] УДдтЈЉ=PointerMoved ТюгжўХТ«х=0.369ms у┤»У«А=4.110ms UI=тљд WorldState=тљд Diagnostics=тљд Inspector=тљд
[22:56:25.259][Тјбжњѕ][GizmoТІќтіе][Dispatcher.UIThread.Post тЁЦжўЪ] УДдтЈЉ=PointerMoved ТюгжўХТ«х=0.368ms у┤»У«А=4.478ms UI=тљд WorldState=тљд Diagnostics=тљд Inspector=тљд
[22:56:25.259][Тјбжњѕ][GizmoТІќтіе][тИДу╗ЊТЮЪ] УДдтЈЉ=PointerMoved ТюгжўХТ«х=0.392ms у┤»У«А=4.870ms UI=тљд WorldState=тљд Diagnostics=тљд Inspector=тљд
[22:56:25.260][Тјбжњѕ][GizmoТІќтіе][Dispatcher.UIThread.Post ТЅДУАї] УДдтЈЉ=PointerMoved ТюгжўХТ«х=0.687ms у┤»У«А=5.556ms UI=тљд WorldState=тљд Diagnostics=тљд Inspector=тљд
[22:56:25.261][Тјбжњѕ][GizmoТІќтіе][Preview Render т«їТѕљ success=True] УДдтЈЉ=PointerMoved ТюгжўХТ«х=1.071ms у┤»У«А=6.627ms UI=тљд WorldState=тљд Diagnostics=тљд Inspector=тљд
[22:56:25.262][Тјбжњѕ][GizmoТІќтіе][Preview тИДУи│У┐Є Diagnostics тѕиТќ░] УДдтЈЉ=PointerMoved ТюгжўХТ«х=0.483ms у┤»У«А=7.110ms UI=тљд WorldState=тљд Diagnostics=тљд Inspector=тљд
[22:56:25.286][Тјбжњѕ][GizmoТІќтіе][PointerMovedтЁЦтЈБ] УДдтЈЉ=PointerMoved ТюгжўХТ«х=0.007ms у┤»У«А=0.007ms UI=тљд WorldState=тљд Diagnostics=тљд Inspector=тљд
[22:56:25.287][Тјбжњѕ][GizmoТІќтіе][Gizmo hit/drag Уи»ућ▒] УДдтЈЉ=PointerMoved ТюгжўХТ«х=1.201ms у┤»У«А=1.209ms UI=тљд WorldState=тљд Diagnostics=тљд Inspector=тљд
[22:56:25.288][Тјбжњѕ][GizmoТІќтіе][Preview transform У«Ау«Ќ] УДдтЈЉ=PointerMoved ТюгжўХТ«х=0.562ms у┤»У«А=1.771ms UI=тљд WorldState=тљд Diagnostics=тљд Inspector=тљд
[22:56:25.288][Тјбжњѕ][GizmoТІќтіе][Gizmo drag У«Ау«Ќ] УДдтЈЉ=PointerMoved ТюгжўХТ«х=0.477ms у┤»У«А=2.248ms UI=тљд WorldState=тљд Diagnostics=тљд Inspector=тљд
[22:56:25.289][Тјбжњѕ][GizmoТІќтіе][RenderScene preview тєЎтЁЦ] УДдтЈЉ=PointerMoved ТюгжўХТ«х=0.425ms у┤»У«А=2.674ms UI=тљд WorldState=тљд Diagnostics=тљд Inspector=тљд
[22:56:25.289][Тјбжњѕ][GizmoТІќтіе][RenderScene тєЁтГўТЏ┤Тќ░] УДдтЈЉ=PointerMoved ТюгжўХТ«х=0.492ms у┤»У«А=3.166ms UI=тљд WorldState=тљд Diagnostics=тљд Inspector=тљд
[22:56:25.290][Тјбжњѕ][GizmoТІќтіе][RenderScene preview тєЎтЁЦт«їТѕљ] УДдтЈЉ=PointerMoved ТюгжўХТ«х=0.537ms у┤»У«А=3.703ms UI=тљд WorldState=тљд Diagnostics=тљд Inspector=тљд
[22:56:25.290][Тјбжњѕ][GizmoТІќтіе][Redraw У»иТ▒ѓ reason=TransformPreview] УДдтЈЉ=PointerMoved ТюгжўХТ«х=0.548ms у┤»У«А=4.251ms UI=тљд WorldState=тљд Diagnostics=тљд Inspector=тљд
[22:56:25.291][Тјбжњѕ][GizmoТІќтіе][Redraw У»иТ▒ѓУ░Ѓт║д reason=TransformPreview] УДдтЈЉ=PointerMoved ТюгжўХТ«х=0.604ms у┤»У«А=4.855ms UI=тљд WorldState=тљд Diagnostics=тљд Inspector=тљд
[22:56:25.292][Тјбжњѕ][GizmoТІќтіе][PickSnapshot тѕиТќ░Уи│У┐Є(Preview)] УДдтЈЉ=PointerMoved ТюгжўХТ«х=0.444ms у┤»У«А=5.298ms UI=тљд WorldState=тљд Diagnostics=тљд Inspector=тљд
[22:56:25.292][Тјбжњѕ][GizmoТІќтіе][Dispatcher.UIThread.Post тЁЦжўЪ] УДдтЈЉ=PointerMoved ТюгжўХТ«х=0.556ms у┤»У«А=5.855ms UI=тљд WorldState=тљд Diagnostics=тљд Inspector=тљд
[22:56:25.293][Тјбжњѕ][GizmoТІќтіе][тИДу╗ЊТЮЪ] УДдтЈЉ=PointerMoved ТюгжўХТ«х=0.425ms у┤»У«А=6.280ms UI=тљд WorldState=тљд Diagnostics=тљд Inspector=тљд
[22:56:25.293][Тјбжњѕ][GizmoТІќтіе][Dispatcher.UIThread.Post ТЅДУАї] УДдтЈЉ=PointerMoved ТюгжўХТ«х=0.708ms у┤»У«А=6.988ms UI=тљд WorldState=тљд Diagnostics=тљд Inspector=тљд
[22:56:25.294][Тјбжњѕ][GizmoТІќтіе][Preview Render т«їТѕљ success=True] УДдтЈЉ=PointerMoved ТюгжўХТ«х=1.219ms у┤»У«А=8.206ms UI=тљд WorldState=тљд Diagnostics=тљд Inspector=тљд
[22:56:25.295][Тјбжњѕ][GizmoТІќтіе][Preview тИДУи│У┐Є Diagnostics тѕиТќ░] УДдтЈЉ=PointerMoved ТюгжўХТ«х=0.584ms у┤»У«А=8.791ms UI=тљд WorldState=тљд Diagnostics=тљд Inspector=тљд
[22:56:25.318][Тјбжњѕ][GizmoТІќтіе][PointerMovedтЁЦтЈБ] УДдтЈЉ=PointerMoved ТюгжўХТ«х=0.004ms у┤»У«А=0.004ms UI=тљд WorldState=тљд Diagnostics=тљд Inspector=тљд
[22:56:25.319][Тјбжњѕ][GizmoТІќтіе][Gizmo hit/drag Уи»ућ▒] УДдтЈЉ=PointerMoved ТюгжўХТ«х=0.687ms у┤»У«А=0.691ms UI=тљд WorldState=тљд Diagnostics=тљд Inspector=тљд
[22:56:25.319][Тјбжњѕ][GizmoТІќтіе][Preview transform У«Ау«Ќ] УДдтЈЉ=PointerMoved ТюгжўХТ«х=0.555ms у┤»У«А=1.247ms UI=тљд WorldState=тљд Diagnostics=тљд Inspector=тљд
[22:56:25.320][Тјбжњѕ][GizmoТІќтіе][Gizmo drag У«Ау«Ќ] УДдтЈЉ=PointerMoved ТюгжўХТ«х=0.471ms у┤»У«А=1.718ms UI=тљд WorldState=тљд Diagnostics=тљд Inspector=тљд
[22:56:25.320][Тјбжњѕ][GizmoТІќтіе][RenderScene preview тєЎтЁЦ] УДдтЈЉ=PointerMoved ТюгжўХТ«х=0.405ms у┤»У«А=2.123ms UI=тљд WorldState=тљд Diagnostics=тљд Inspector=тљд
[22:56:25.321][Тјбжњѕ][GizmoТІќтіе][RenderScene тєЁтГўТЏ┤Тќ░] УДдтЈЉ=PointerMoved ТюгжўХТ«х=0.435ms у┤»У«А=2.558ms UI=тљд WorldState=тљд Diagnostics=тљд Inspector=тљд
[22:56:25.321][Тјбжњѕ][GizmoТІќтіе][RenderScene preview тєЎтЁЦт«їТѕљ] УДдтЈЉ=PointerMoved ТюгжўХТ«х=0.517ms у┤»У«А=3.076ms UI=тљд WorldState=тљд Diagnostics=тљд Inspector=тљд
[22:56:25.322][Тјбжњѕ][GizmoТІќтіе][Redraw У»иТ▒ѓ reason=TransformPreview] УДдтЈЉ=PointerMoved ТюгжўХТ«х=0.500ms у┤»У«А=3.576ms UI=тљд WorldState=тљд Diagnostics=тљд Inspector=тљд
[22:56:25.322][Тјбжњѕ][GizmoТІќтіе][Redraw У»иТ▒ѓУ░Ѓт║д reason=TransformPreview] УДдтЈЉ=PointerMoved ТюгжўХТ«х=0.390ms у┤»У«А=3.966ms UI=тљд WorldState=тљд Diagnostics=тљд Inspector=тљд
[22:56:25.322][Тјбжњѕ][GizmoТІќтіе][PickSnapshot тѕиТќ░Уи│У┐Є(Preview)] УДдтЈЉ=PointerMoved ТюгжўХТ«х=0.385ms у┤»У«А=4.350ms UI=тљд WorldState=тљд Diagnostics=тљд Inspector=тљд
[22:56:25.323][Тјбжњѕ][GizmoТІќтіе][Dispatcher.UIThread.Post тЁЦжўЪ] УДдтЈЉ=PointerMoved ТюгжўХТ«х=0.408ms у┤»У«А=4.759ms UI=тљд WorldState=тљд Diagnostics=тљд Inspector=тљд
[22:56:25.323][Тјбжњѕ][GizmoТІќтіе][тИДу╗ЊТЮЪ] УДдтЈЉ=PointerMoved ТюгжўХТ«х=0.446ms у┤»У«А=5.204ms UI=тљд WorldState=тљд Diagnostics=тљд Inspector=тљд
[22:56:25.324][Тјбжњѕ][GizmoТІќтіе][Dispatcher.UIThread.Post ТЅДУАї] УДдтЈЉ=PointerMoved ТюгжўХТ«х=0.714ms у┤»У«А=5.918ms UI=тљд WorldState=тљд Diagnostics=тљд Inspector=тљд
[22:56:25.325][Тјбжњѕ][GizmoТІќтіе][Preview Render т«їТѕљ success=True] УДдтЈЉ=PointerMoved ТюгжўХТ«х=1.206ms у┤»У«А=7.124ms UI=тљд WorldState=тљд Diagnostics=тљд Inspector=тљд
[22:56:25.326][Тјбжњѕ][GizmoТІќтіе][Preview тИДУи│У┐Є Diagnostics тѕиТќ░] УДдтЈЉ=PointerMoved ТюгжўХТ«х=0.627ms у┤»У«А=7.752ms UI=тљд WorldState=тљд Diagnostics=тљд Inspector=тљд
[22:56:25.349][Тјбжњѕ][GizmoТІќтіе][PointerMovedтЁЦтЈБ] УДдтЈЉ=PointerMoved ТюгжўХТ«х=0.003ms у┤»У«А=0.003ms UI=тљд WorldState=тљд Diagnostics=тљд Inspector=тљд
[22:56:25.350][Тјбжњѕ][GizmoТІќтіе][Gizmo hit/drag Уи»ућ▒] УДдтЈЉ=PointerMoved ТюгжўХТ«х=0.664ms у┤»У«А=0.667ms UI=тљд WorldState=тљд Diagnostics=тљд Inspector=тљд
[22:56:25.350][Тјбжњѕ][GizmoТІќтіе][Preview transform У«Ау«Ќ] УДдтЈЉ=PointerMoved ТюгжўХТ«х=0.451ms у┤»У«А=1.118ms UI=тљд WorldState=тљд Diagnostics=тљд Inspector=тљд
[22:56:25.351][Тјбжњѕ][GizmoТІќтіе][Gizmo drag У«Ау«Ќ] УДдтЈЉ=PointerMoved ТюгжўХТ«х=0.369ms у┤»У«А=1.487ms UI=тљд WorldState=тљд Diagnostics=тљд Inspector=тљд
[22:56:25.351][Тјбжњѕ][GizmoТІќтіе][RenderScene preview тєЎтЁЦ] УДдтЈЉ=PointerMoved ТюгжўХТ«х=0.373ms у┤»У«А=1.860ms UI=тљд WorldState=тљд Diagnostics=тљд Inspector=тљд
[22:56:25.352][Тјбжњѕ][GizmoТІќтіе][RenderScene тєЁтГўТЏ┤Тќ░] УДдтЈЉ=PointerMoved ТюгжўХТ«х=0.418ms у┤»У«А=2.278ms UI=тљд WorldState=тљд Diagnostics=тљд Inspector=тљд
[22:56:25.352][Тјбжњѕ][GizmoТІќтіе][RenderScene preview тєЎтЁЦт«їТѕљ] УДдтЈЉ=PointerMoved ТюгжўХТ«х=0.429ms у┤»У«А=2.707ms UI=тљд WorldState=тљд Diagnostics=тљд Inspector=тљд
[22:56:25.352][Тјбжњѕ][GizmoТІќтіе][Redraw У»иТ▒ѓ reason=TransformPreview] УДдтЈЉ=PointerMoved ТюгжўХТ«х=0.418ms у┤»У«А=3.125ms UI=тљд WorldState=тљд Diagnostics=тљд Inspector=тљд
[22:56:25.353][Тјбжњѕ][GizmoТІќтіе][Redraw У»иТ▒ѓУ░Ѓт║д reason=TransformPreview] УДдтЈЉ=PointerMoved ТюгжўХТ«х=0.539ms у┤»У«А=3.664ms UI=тљд WorldState=тљд Diagnostics=тљд Inspector=тљд
[22:56:25.353][Тјбжњѕ][GizmoТІќтіе][PickSnapshot тѕиТќ░Уи│У┐Є(Preview)] УДдтЈЉ=PointerMoved ТюгжўХТ«х=0.438ms у┤»У«А=4.103ms UI=тљд WorldState=тљд Diagnostics=тљд Inspector=тљд
[22:56:25.354][Тјбжњѕ][GizmoТІќтіе][Dispatcher.UIThread.Post тЁЦжўЪ] УДдтЈЉ=PointerMoved ТюгжўХТ«х=0.410ms у┤»У«А=4.513ms UI=тљд WorldState=тљд Diagnostics=тљд Inspector=тљд
[22:56:25.354][Тјбжњѕ][GizmoТІќтіе][тИДу╗ЊТЮЪ] УДдтЈЉ=PointerMoved ТюгжўХТ«х=0.370ms у┤»У«А=4.883ms UI=тљд WorldState=тљд Diagnostics=тљд Inspector=тљд
[22:56:25.355][Тјбжњѕ][GizmoТІќтіе][Dispatcher.UIThread.Post ТЅДУАї] УДдтЈЉ=PointerMoved ТюгжўХТ«х=0.677ms у┤»У«А=5.560ms UI=тљд WorldState=тљд Diagnostics=тљд Inspector=тљд
[22:56:25.356][Тјбжњѕ][GizmoТІќтіе][Preview Render т«їТѕљ success=True] УДдтЈЉ=PointerMoved ТюгжўХТ«х=0.942ms у┤»У«А=6.502ms UI=тљд WorldState=тљд Diagnostics=тљд Inspector=тљд
[22:56:25.356][Тјбжњѕ][GizmoТІќтіе][Preview тИДУи│У┐Є Diagnostics тѕиТќ░] УДдтЈЉ=PointerMoved ТюгжўХТ«х=0.417ms у┤»У«А=6.919ms UI=тљд WorldState=тљд Diagnostics=тљд Inspector=тљд
[22:56:25.381][Тјбжњѕ][GizmoТІќтіе][PointerMovedтЁЦтЈБ] УДдтЈЉ=PointerMoved ТюгжўХТ«х=0.004ms у┤»У«А=0.004ms UI=тљд WorldState=тљд Diagnostics=тљд Inspector=тљд
[22:56:25.382][Тјбжњѕ][GizmoТІќтіе][Gizmo hit/drag Уи»ућ▒] УДдтЈЉ=PointerMoved ТюгжўХТ«х=0.704ms у┤»У«А=0.708ms UI=тљд WorldState=тљд Diagnostics=тљд Inspector=тљд
[22:56:25.383][Тјбжњѕ][GizmoТІќтіе][Preview transform У«Ау«Ќ] УДдтЈЉ=PointerMoved ТюгжўХТ«х=0.535ms у┤»У«А=1.243ms UI=тљд WorldState=тљд Diagnostics=тљд Inspector=тљд
[22:56:25.383][Тјбжњѕ][GizmoТІќтіе][Gizmo drag У«Ау«Ќ] УДдтЈЉ=PointerMoved ТюгжўХТ«х=0.357ms у┤»У«А=1.600ms UI=тљд WorldState=тљд Diagnostics=тљд Inspector=тљд
[22:56:25.383][Тјбжњѕ][GizmoТІќтіе][RenderScene preview тєЎтЁЦ] УДдтЈЉ=PointerMoved ТюгжўХТ«х=0.414ms у┤»У«А=2.014ms UI=тљд WorldState=тљд Diagnostics=тљд Inspector=тљд
[22:56:25.384][Тјбжњѕ][GizmoТІќтіе][RenderScene тєЁтГўТЏ┤Тќ░] УДдтЈЉ=PointerMoved ТюгжўХТ«х=0.384ms у┤»У«А=2.398ms UI=тљд WorldState=тљд Diagnostics=тљд Inspector=тљд
[22:56:25.384][Тјбжњѕ][GizmoТІќтіе][RenderScene preview тєЎтЁЦт«їТѕљ] УДдтЈЉ=PointerMoved ТюгжўХТ«х=0.429ms у┤»У«А=2.827ms UI=тљд WorldState=тљд Diagnostics=тљд Inspector=тљд
[22:56:25.384][Тјбжњѕ][GizmoТІќтіе][Redraw У»иТ▒ѓ reason=TransformPreview] УДдтЈЉ=PointerMoved ТюгжўХТ«х=0.362ms у┤»У«А=3.189ms UI=тљд WorldState=тљд Diagnostics=тљд Inspector=тљд
[22:56:25.385][Тјбжњѕ][GizmoТІќтіе][Redraw У»иТ▒ѓУ░Ѓт║д reason=TransformPreview] УДдтЈЉ=PointerMoved ТюгжўХТ«х=0.360ms у┤»У«А=3.549ms UI=тљд WorldState=тљд Diagnostics=тљд Inspector=тљд
[22:56:25.385][Тјбжњѕ][GizmoТІќтіе][PickSnapshot тѕиТќ░Уи│У┐Є(Preview)] УДдтЈЉ=PointerMoved ТюгжўХТ«х=0.362ms у┤»У«А=3.911ms UI=тљд WorldState=тљд Diagnostics=тљд Inspector=тљд
[22:56:25.386][Тјбжњѕ][GizmoТІќтіе][Dispatcher.UIThread.Post тЁЦжўЪ] УДдтЈЉ=PointerMoved ТюгжўХТ«х=0.367ms у┤»У«А=4.278ms UI=тљд WorldState=тљд Diagnostics=тљд Inspector=тљд
[22:56:25.386][Тјбжњѕ][GizmoТІќтіе][тИДу╗ЊТЮЪ] УДдтЈЉ=PointerMoved ТюгжўХТ«х=0.393ms у┤»У«А=4.671ms UI=тљд WorldState=тљд Diagnostics=тљд Inspector=тљд
[22:56:25.387][Тјбжњѕ][GizmoТІќтіе][Dispatcher.UIThread.Post ТЅДУАї] УДдтЈЉ=PointerMoved ТюгжўХТ«х=0.635ms у┤»У«А=5.306ms UI=тљд WorldState=тљд Diagnostics=тљд Inspector=тљд
[22:56:25.388][Тјбжњѕ][GizmoТІќтіе][Preview Render т«їТѕљ success=True] УДдтЈЉ=PointerMoved ТюгжўХТ«х=1.150ms у┤»У«А=6.456ms UI=тљд WorldState=тљд Diagnostics=тљд Inspector=тљд
[22:56:25.388][Тјбжњѕ][GizmoТІќтіе][Preview тИДУи│У┐Є Diagnostics тѕиТќ░] УДдтЈЉ=PointerMoved ТюгжўХТ«х=0.606ms у┤»У«А=7.062ms UI=тљд WorldState=тљд Diagnostics=тљд Inspector=тљд
[22:56:25.413][Тјбжњѕ][GizmoТІќтіе][PointerMovedтЁЦтЈБ] УДдтЈЉ=PointerMoved ТюгжўХТ«х=0.006ms у┤»У«А=0.006ms UI=тљд WorldState=тљд Diagnostics=тљд Inspector=тљд
[22:56:25.414][Тјбжњѕ][GizmoТІќтіе][Gizmo hit/drag Уи»ућ▒] УДдтЈЉ=PointerMoved ТюгжўХТ«х=1.703ms у┤»У«А=1.709ms UI=тљд WorldState=тљд Diagnostics=тљд Inspector=тљд
[22:56:25.415][Тјбжњѕ][GizmoТІќтіе][Preview transform У«Ау«Ќ] УДдтЈЉ=PointerMoved ТюгжўХТ«х=0.720ms у┤»У«А=2.428ms UI=тљд WorldState=тљд Diagnostics=тљд Inspector=тљд
[22:56:25.416][Тјбжњѕ][GizmoТІќтіе][Gizmo drag У«Ау«Ќ] УДдтЈЉ=PointerMoved ТюгжўХТ«х=0.580ms у┤»У«А=3.009ms UI=тљд WorldState=тљд Diagnostics=тљд Inspector=тљд
[22:56:25.416][Тјбжњѕ][GizmoТІќтіе][RenderScene preview тєЎтЁЦ] УДдтЈЉ=PointerMoved ТюгжўХТ«х=0.471ms у┤»У«А=3.480ms UI=тљд WorldState=тљд Diagnostics=тљд Inspector=тљд
[22:56:25.416][Тјбжњѕ][GizmoТІќтіе][RenderScene тєЁтГўТЏ┤Тќ░] УДдтЈЉ=PointerMoved ТюгжўХТ«х=0.436ms у┤»У«А=3.916ms UI=тљд WorldState=тљд Diagnostics=тљд Inspector=тљд
[22:56:25.417][Тјбжњѕ][GizmoТІќтіе][RenderScene preview тєЎтЁЦт«їТѕљ] УДдтЈЉ=PointerMoved ТюгжўХТ«х=0.404ms у┤»У«А=4.320ms UI=тљд WorldState=тљд Diagnostics=тљд Inspector=тљд
[22:56:25.417][Тјбжњѕ][GizmoТІќтіе][Redraw У»иТ▒ѓ reason=TransformPreview] УДдтЈЉ=PointerMoved ТюгжўХТ«х=0.348ms у┤»У«А=4.669ms UI=тљд WorldState=тљд Diagnostics=тљд Inspector=тљд
[22:56:25.418][Тјбжњѕ][GizmoТІќтіе][Redraw У»иТ▒ѓУ░Ѓт║д reason=TransformPreview] УДдтЈЉ=PointerMoved ТюгжўХТ«х=0.430ms у┤»У«А=5.099ms UI=тљд WorldState=тљд Diagnostics=тљд Inspector=тљд
[22:56:25.418][Тјбжњѕ][GizmoТІќтіе][PickSnapshot тѕиТќ░Уи│У┐Є(Preview)] УДдтЈЉ=PointerMoved ТюгжўХТ«х=0.550ms у┤»У«А=5.649ms UI=тљд WorldState=тљд Diagnostics=тљд Inspector=тљд
[22:56:25.419][Тјбжњѕ][GizmoТІќтіе][Dispatcher.UIThread.Post тЁЦжўЪ] УДдтЈЉ=PointerMoved ТюгжўХТ«х=0.389ms у┤»У«А=6.038ms UI=тљд WorldState=тљд Diagnostics=тљд Inspector=тљд
[22:56:25.419][Тјбжњѕ][GizmoТІќтіе][тИДу╗ЊТЮЪ] УДдтЈЉ=PointerMoved ТюгжўХТ«х=0.389ms у┤»У«А=6.428ms UI=тљд WorldState=тљд Diagnostics=тљд Inspector=тљд
[22:56:25.420][Тјбжњѕ][GizmoТІќтіе][Dispatcher.UIThread.Post ТЅДУАї] УДдтЈЉ=PointerMoved ТюгжўХТ«х=0.633ms у┤»У«А=7.061ms UI=тљд WorldState=тљд Diagnostics=тљд Inspector=тљд
[22:56:25.421][Тјбжњѕ][GizmoТІќтіе][Preview Render т«їТѕљ success=True] УДдтЈЉ=PointerMoved ТюгжўХТ«х=0.980ms у┤»У«А=8.041ms UI=тљд WorldState=тљд Diagnostics=тљд Inspector=тљд
[22:56:25.421][Тјбжњѕ][GizmoТІќтіе][Preview тИДУи│У┐Є Diagnostics тѕиТќ░] УДдтЈЉ=PointerMoved ТюгжўХТ«х=0.443ms у┤»У«А=8.484ms UI=тљд WorldState=тљд Diagnostics=тљд Inspector=тљд
[22:56:25.443][Тјбжњѕ][GizmoТІќтіе][PointerMovedтЁЦтЈБ] УДдтЈЉ=PointerMoved ТюгжўХТ«х=0.006ms у┤»У«А=0.006ms UI=тљд WorldState=тљд Diagnostics=тљд Inspector=тљд
[22:56:25.444][Тјбжњѕ][GizmoТІќтіе][Gizmo hit/drag Уи»ућ▒] УДдтЈЉ=PointerMoved ТюгжўХТ«х=0.719ms у┤»У«А=0.725ms UI=тљд WorldState=тљд Diagnostics=тљд Inspector=тљд
[22:56:25.444][Тјбжњѕ][GizmoТІќтіе][Preview transform У«Ау«Ќ] УДдтЈЉ=PointerMoved ТюгжўХТ«х=0.488ms у┤»У«А=1.213ms UI=тљд WorldState=тљд Diagnostics=тљд Inspector=тљд
[22:56:25.445][Тјбжњѕ][GizmoТІќтіе][Gizmo drag У«Ау«Ќ] УДдтЈЉ=PointerMoved ТюгжўХТ«х=0.422ms у┤»У«А=1.635ms UI=тљд WorldState=тљд Diagnostics=тљд Inspector=тљд
[22:56:25.445][Тјбжњѕ][GizmoТІќтіе][RenderScene preview тєЎтЁЦ] УДдтЈЉ=PointerMoved ТюгжўХТ«х=0.390ms у┤»У«А=2.025ms UI=тљд WorldState=тљд Diagnostics=тљд Inspector=тљд
[22:56:25.446][Тјбжњѕ][GizmoТІќтіе][RenderScene тєЁтГўТЏ┤Тќ░] УДдтЈЉ=PointerMoved ТюгжўХТ«х=0.398ms у┤»У«А=2.422ms UI=тљд WorldState=тљд Diagnostics=тљд Inspector=тљд
[22:56:25.446][Тјбжњѕ][GizmoТІќтіе][RenderScene preview тєЎтЁЦт«їТѕљ] УДдтЈЉ=PointerMoved ТюгжўХТ«х=0.424ms у┤»У«А=2.846ms UI=тљд WorldState=тљд Diagnostics=тљд Inspector=тљд
[22:56:25.446][Тјбжњѕ][GizmoТІќтіе][Redraw У»иТ▒ѓ reason=TransformPreview] УДдтЈЉ=PointerMoved ТюгжўХТ«х=0.389ms у┤»У«А=3.235ms UI=тљд WorldState=тљд Diagnostics=тљд Inspector=тљд
[22:56:25.447][Тјбжњѕ][GizmoТІќтіе][Redraw У»иТ▒ѓУ░Ѓт║д reason=TransformPreview] УДдтЈЉ=PointerMoved ТюгжўХТ«х=0.406ms у┤»У«А=3.641ms UI=тљд WorldState=тљд Diagnostics=тљд Inspector=тљд
[22:56:25.447][Тјбжњѕ][GizmoТІќтіе][PickSnapshot тѕиТќ░Уи│У┐Є(Preview)] УДдтЈЉ=PointerMoved ТюгжўХТ«х=0.451ms у┤»У«А=4.092ms UI=тљд WorldState=тљд Diagnostics=тљд Inspector=тљд
[22:56:25.448][Тјбжњѕ][GizmoТІќтіе][Dispatcher.UIThread.Post тЁЦжўЪ] УДдтЈЉ=PointerMoved ТюгжўХТ«х=0.375ms у┤»У«А=4.468ms UI=тљд WorldState=тљд Diagnostics=тљд Inspector=тљд
[22:56:25.448][Тјбжњѕ][GizmoТІќтіе][тИДу╗ЊТЮЪ] УДдтЈЉ=PointerMoved ТюгжўХТ«х=0.376ms у┤»У«А=4.844ms UI=тљд WorldState=тљд Diagnostics=тљд Inspector=тљд
[22:56:25.449][Тјбжњѕ][GizmoТІќтіе][Dispatcher.UIThread.Post ТЅДУАї] УДдтЈЉ=PointerMoved ТюгжўХТ«х=0.701ms у┤»У«А=5.545ms UI=тљд WorldState=тљд Diagnostics=тљд Inspector=тљд
[22:56:25.450][Тјбжњѕ][GizmoТІќтіе][Preview Render т«їТѕљ success=True] УДдтЈЉ=PointerMoved ТюгжўХТ«х=1.379ms у┤»У«А=6.924ms UI=тљд WorldState=тљд Diagnostics=тљд Inspector=тљд
[22:56:25.451][Тјбжњѕ][GizmoТІќтіе][Preview тИДУи│У┐Є Diagnostics тѕиТќ░] УДдтЈЉ=PointerMoved ТюгжўХТ«х=0.888ms у┤»У«А=7.812ms UI=тљд WorldState=тљд Diagnostics=тљд Inspector=тљд
[22:56:25.474][Тјбжњѕ][GizmoТІќтіе][PointerMovedтЁЦтЈБ] УДдтЈЉ=PointerMoved ТюгжўХТ«х=0.003ms у┤»У«А=0.003ms UI=тљд WorldState=тљд Diagnostics=тљд Inspector=тљд
[22:56:25.475][Тјбжњѕ][GizmoТІќтіе][Gizmo hit/drag Уи»ућ▒] УДдтЈЉ=PointerMoved ТюгжўХТ«х=0.765ms у┤»У«А=0.768ms UI=тљд WorldState=тљд Diagnostics=тљд Inspector=тљд
[22:56:25.476][Тјбжњѕ][GizmoТІќтіе][Preview transform У«Ау«Ќ] УДдтЈЉ=PointerMoved ТюгжўХТ«х=0.408ms у┤»У«А=1.175ms UI=тљд WorldState=тљд Diagnostics=тљд Inspector=тљд
[22:56:25.476][Тјбжњѕ][GizmoТІќтіе][Gizmo drag У«Ау«Ќ] УДдтЈЉ=PointerMoved ТюгжўХТ«х=0.402ms у┤»У«А=1.578ms UI=тљд WorldState=тљд Diagnostics=тљд Inspector=тљд
[22:56:25.476][Тјбжњѕ][GizmoТІќтіе][RenderScene preview тєЎтЁЦ] УДдтЈЉ=PointerMoved ТюгжўХТ«х=0.369ms у┤»У«А=1.947ms UI=тљд WorldState=тљд Diagnostics=тљд Inspector=тљд
[22:56:25.477][Тјбжњѕ][GizmoТІќтіе][RenderScene тєЁтГўТЏ┤Тќ░] УДдтЈЉ=PointerMoved ТюгжўХТ«х=0.410ms у┤»У«А=2.357ms UI=тљд WorldState=тљд Diagnostics=тљд Inspector=тљд
[22:56:25.477][Тјбжњѕ][GizmoТІќтіе][RenderScene preview тєЎтЁЦт«їТѕљ] УДдтЈЉ=PointerMoved ТюгжўХТ«х=0.382ms у┤»У«А=2.738ms UI=тљд WorldState=тљд Diagnostics=тљд Inspector=тљд
[22:56:25.478][Тјбжњѕ][GizmoТІќтіе][Redraw У»иТ▒ѓ reason=TransformPreview] УДдтЈЉ=PointerMoved ТюгжўХТ«х=0.428ms у┤»У«А=3.166ms UI=тљд WorldState=тљд Diagnostics=тљд Inspector=тљд
[22:56:25.478][Тјбжњѕ][GizmoТІќтіе][Redraw У»иТ▒ѓУ░Ѓт║д reason=TransformPreview] УДдтЈЉ=PointerMoved ТюгжўХТ«х=0.670ms у┤»У«А=3.836ms UI=тљд WorldState=тљд Diagnostics=тљд Inspector=тљд
[22:56:25.479][Тјбжњѕ][GizmoТІќтіе][PickSnapshot тѕиТќ░Уи│У┐Є(Preview)] УДдтЈЉ=PointerMoved ТюгжўХТ«х=0.415ms у┤»У«А=4.251ms UI=тљд WorldState=тљд Diagnostics=тљд Inspector=тљд
[22:56:25.479][Тјбжњѕ][GizmoТІќтіе][Dispatcher.UIThread.Post тЁЦжўЪ] УДдтЈЉ=PointerMoved ТюгжўХТ«х=0.460ms у┤»У«А=4.711ms UI=тљд WorldState=тљд Diagnostics=тљд Inspector=тљд
[22:56:25.480][Тјбжњѕ][GizmoТІќтіе][тИДу╗ЊТЮЪ] УДдтЈЉ=PointerMoved ТюгжўХТ«х=0.415ms у┤»У«А=5.126ms UI=тљд WorldState=тљд Diagnostics=тљд Inspector=тљд
[22:56:25.480][Тјбжњѕ][GizmoТІќтіе][Dispatcher.UIThread.Post ТЅДУАї] УДдтЈЉ=PointerMoved ТюгжўХТ«х=0.746ms у┤»У«А=5.872ms UI=тљд WorldState=тљд Diagnostics=тљд Inspector=тљд
[22:56:25.482][Тјбжњѕ][GizmoТІќтіе][Preview Render т«їТѕљ success=True] УДдтЈЉ=PointerMoved ТюгжўХТ«х=1.277ms у┤»У«А=7.150ms UI=тљд WorldState=тљд Diagnostics=тљд Inspector=тљд
[22:56:25.482][Тјбжњѕ][GizmoТІќтіе][Preview тИДУи│У┐Є Diagnostics тѕиТќ░] УДдтЈЉ=PointerMoved ТюгжўХТ«х=0.572ms у┤»У«А=7.722ms UI=тљд WorldState=тљд Diagnostics=тљд Inspector=тљд
[22:56:25.506][Тјбжњѕ][GizmoТІќтіе][PointerMovedтЁЦтЈБ] УДдтЈЉ=PointerMoved ТюгжўХТ«х=0.005ms у┤»У«А=0.005ms UI=тљд WorldState=тљд Diagnostics=тљд Inspector=тљд
[22:56:25.507][Тјбжњѕ][GizmoТІќтіе][Gizmo hit/drag Уи»ућ▒] УДдтЈЉ=PointerMoved ТюгжўХТ«х=0.901ms у┤»У«А=0.906ms UI=тљд WorldState=тљд Diagnostics=тљд Inspector=тљд
[22:56:25.507][Тјбжњѕ][GizmoТІќтіе][Preview transform У«Ау«Ќ] УДдтЈЉ=PointerMoved ТюгжўХТ«х=0.827ms у┤»У«А=1.734ms UI=тљд WorldState=тљд Diagnostics=тљд Inspector=тљд
[22:56:25.508][Тјбжњѕ][GizmoТІќтіе][Gizmo drag У«Ау«Ќ] УДдтЈЉ=PointerMoved ТюгжўХТ«х=0.451ms у┤»У«А=2.184ms UI=тљд WorldState=тљд Diagnostics=тљд Inspector=тљд
[22:56:25.508][Тјбжњѕ][GizmoТІќтіе][RenderScene preview тєЎтЁЦ] УДдтЈЉ=PointerMoved ТюгжўХТ«х=0.425ms у┤»У«А=2.609ms UI=тљд WorldState=тљд Diagnostics=тљд Inspector=тљд
[22:56:25.509][Тјбжњѕ][GizmoТІќтіе][RenderScene тєЁтГўТЏ┤Тќ░] УДдтЈЉ=PointerMoved ТюгжўХТ«х=0.529ms у┤»У«А=3.138ms UI=тљд WorldState=тљд Diagnostics=тљд Inspector=тљд
[22:56:25.509][Тјбжњѕ][GizmoТІќтіе][RenderScene preview тєЎтЁЦт«їТѕљ] УДдтЈЉ=PointerMoved ТюгжўХТ«х=0.518ms у┤»У«А=3.656ms UI=тљд WorldState=тљд Diagnostics=тљд Inspector=тљд
[22:56:25.510][Тјбжњѕ][GizmoТІќтіе][Redraw У»иТ▒ѓ reason=TransformPreview] УДдтЈЉ=PointerMoved ТюгжўХТ«х=0.483ms у┤»У«А=4.139ms UI=тљд WorldState=тљд Diagnostics=тљд Inspector=тљд
[22:56:25.510][Тјбжњѕ][GizmoТІќтіе][Redraw У»иТ▒ѓУ░Ѓт║д reason=TransformPreview] УДдтЈЉ=PointerMoved ТюгжўХТ«х=0.438ms у┤»У«А=4.578ms UI=тљд WorldState=тљд Diagnostics=тљд Inspector=тљд
[22:56:25.511][Тјбжњѕ][GizmoТІќтіе][PickSnapshot тѕиТќ░Уи│У┐Є(Preview)] УДдтЈЉ=PointerMoved ТюгжўХТ«х=0.407ms у┤»У«А=4.985ms UI=тљд WorldState=тљд Diagnostics=тљд Inspector=тљд
[22:56:25.511][Тјбжњѕ][GizmoТІќтіе][Dispatcher.UIThread.Post тЁЦжўЪ] УДдтЈЉ=PointerMoved ТюгжўХТ«х=0.389ms у┤»У«А=5.373ms UI=тљд WorldState=тљд Diagnostics=тљд Inspector=тљд
[22:56:25.512][Тјбжњѕ][GizmoТІќтіе][тИДу╗ЊТЮЪ] УДдтЈЉ=PointerMoved ТюгжўХТ«х=0.632ms у┤»У«А=6.005ms UI=тљд WorldState=тљд Diagnostics=тљд Inspector=тљд
[22:56:25.513][Тјбжњѕ][GizmoТІќтіе][Dispatcher.UIThread.Post ТЅДУАї] УДдтЈЉ=PointerMoved ТюгжўХТ«х=1.108ms у┤»У«А=7.114ms UI=тљд WorldState=тљд Diagnostics=тљд Inspector=тљд
[22:56:25.514][Тјбжњѕ][GizmoТІќтіе][Preview Render т«їТѕљ success=True] УДдтЈЉ=PointerMoved ТюгжўХТ«х=1.669ms у┤»У«А=8.783ms UI=тљд WorldState=тљд Diagnostics=тљд Inspector=тљд
[22:56:25.515][Тјбжњѕ][GizmoТІќтіе][Preview тИДУи│У┐Є Diagnostics тѕиТќ░] УДдтЈЉ=PointerMoved ТюгжўХТ«х=0.784ms у┤»У«А=9.567ms UI=тљд WorldState=тљд Diagnostics=тљд Inspector=тљд
[22:56:25.537][Тјбжњѕ][GizmoТІќтіе][PointerMovedтЁЦтЈБ] УДдтЈЉ=PointerMoved ТюгжўХТ«х=0.007ms у┤»У«А=0.007ms UI=тљд WorldState=тљд Diagnostics=тљд Inspector=тљд
[22:56:25.538][Тјбжњѕ][GizmoТІќтіе][Gizmo hit/drag Уи»ућ▒] УДдтЈЉ=PointerMoved ТюгжўХТ«х=1.039ms у┤»У«А=1.046ms UI=тљд WorldState=тљд Diagnostics=тљд Inspector=тљд
[22:56:25.539][Тјбжњѕ][GizmoТІќтіе][Preview transform У«Ау«Ќ] УДдтЈЉ=PointerMoved ТюгжўХТ«х=0.758ms у┤»У«А=1.803ms UI=тљд WorldState=тљд Diagnostics=тљд Inspector=тљд
[22:56:25.540][Тјбжњѕ][GizmoТІќтіе][Gizmo drag У«Ау«Ќ] УДдтЈЉ=PointerMoved ТюгжўХТ«х=0.835ms у┤»У«А=2.639ms UI=тљд WorldState=тљд Diagnostics=тљд Inspector=тљд
[22:56:25.540][Тјбжњѕ][GizmoТІќтіе][RenderScene preview тєЎтЁЦ] УДдтЈЉ=PointerMoved ТюгжўХТ«х=0.780ms у┤»У«А=3.419ms UI=тљд WorldState=тљд Diagnostics=тљд Inspector=тљд
[22:56:25.541][Тјбжњѕ][GizmoТІќтіе][RenderScene тєЁтГўТЏ┤Тќ░] УДдтЈЉ=PointerMoved ТюгжўХТ«х=0.712ms у┤»У«А=4.131ms UI=тљд WorldState=тљд Diagnostics=тљд Inspector=тљд
[22:56:25.542][Тјбжњѕ][GizmoТІќтіе][RenderScene preview тєЎтЁЦт«їТѕљ] УДдтЈЉ=PointerMoved ТюгжўХТ«х=0.565ms у┤»У«А=4.696ms UI=тљд WorldState=тљд Diagnostics=тљд Inspector=тљд
[22:56:25.542][Тјбжњѕ][GizmoТІќтіе][Redraw У»иТ▒ѓ reason=TransformPreview] УДдтЈЉ=PointerMoved ТюгжўХТ«х=0.485ms у┤»У«А=5.181ms UI=тљд WorldState=тљд Diagnostics=тљд Inspector=тљд
[22:56:25.542][Тјбжњѕ][GizmoТІќтіе][Redraw У»иТ▒ѓУ░Ѓт║д reason=TransformPreview] УДдтЈЉ=PointerMoved ТюгжўХТ«х=0.422ms у┤»У«А=5.603ms UI=тљд WorldState=тљд Diagnostics=тљд Inspector=тљд
[22:56:25.543][Тјбжњѕ][GizmoТІќтіе][PickSnapshot тѕиТќ░Уи│У┐Є(Preview)] УДдтЈЉ=PointerMoved ТюгжўХТ«х=0.575ms у┤»У«А=6.178ms UI=тљд WorldState=тљд Diagnostics=тљд Inspector=тљд
[22:56:25.544][Тјбжњѕ][GizmoТІќтіе][Dispatcher.UIThread.Post тЁЦжўЪ] УДдтЈЉ=PointerMoved ТюгжўХТ«х=0.715ms у┤»У«А=6.893ms UI=тљд WorldState=тљд Diagnostics=тљд Inspector=тљд
[22:56:25.545][Тјбжњѕ][GizmoТІќтіе][тИДу╗ЊТЮЪ] УДдтЈЉ=PointerMoved ТюгжўХТ«х=0.748ms у┤»У«А=7.641ms UI=тљд WorldState=тљд Diagnostics=тљд Inspector=тљд
[22:56:25.546][Тјбжњѕ][GizmoТІќтіе][Dispatcher.UIThread.Post ТЅДУАї] УДдтЈЉ=PointerMoved ТюгжўХТ«х=1.147ms у┤»У«А=8.788ms UI=тљд WorldState=тљд Diagnostics=тљд Inspector=тљд
[22:56:25.548][Тјбжњѕ][GizmoТІќтіе][Preview Render т«їТѕљ success=True] УДдтЈЉ=PointerMoved ТюгжўХТ«х=1.846ms у┤»У«А=10.634ms UI=тљд WorldState=тљд Diagnostics=тљд Inspector=тљд
[22:56:25.548][Тјбжњѕ][GizmoТІќтіе][Preview тИДУи│У┐Є Diagnostics тѕиТќ░] УДдтЈЉ=PointerMoved ТюгжўХТ«х=0.817ms у┤»У«А=11.451ms UI=тљд WorldState=тљд Diagnostics=тљд Inspector=тљд
[22:56:25.568][Тјбжњѕ][GizmoТІќтіе][PointerMovedтЁЦтЈБ] УДдтЈЉ=PointerMoved ТюгжўХТ«х=0.004ms у┤»У«А=0.004ms UI=тљд WorldState=тљд Diagnostics=тљд Inspector=тљд
[22:56:25.569][Тјбжњѕ][GizmoТІќтіе][Gizmo hit/drag Уи»ућ▒] УДдтЈЉ=PointerMoved ТюгжўХТ«х=1.212ms у┤»У«А=1.216ms UI=тљд WorldState=тљд Diagnostics=тљд Inspector=тљд
[22:56:25.570][Тјбжњѕ][GizmoТІќтіе][Preview transform У«Ау«Ќ] УДдтЈЉ=PointerMoved ТюгжўХТ«х=0.739ms у┤»У«А=1.955ms UI=тљд WorldState=тљд Diagnostics=тљд Inspector=тљд
[22:56:25.570][Тјбжњѕ][GizmoТІќтіе][Gizmo drag У«Ау«Ќ] УДдтЈЉ=PointerMoved ТюгжўХТ«х=0.739ms у┤»У«А=2.695ms UI=тљд WorldState=тљд Diagnostics=тљд Inspector=тљд
[22:56:25.571][Тјбжњѕ][GizmoТІќтіе][RenderScene preview тєЎтЁЦ] УДдтЈЉ=PointerMoved ТюгжўХТ«х=0.754ms у┤»У«А=3.448ms UI=тљд WorldState=тљд Diagnostics=тљд Inspector=тљд
[22:56:25.572][Тјбжњѕ][GizmoТІќтіе][RenderScene тєЁтГўТЏ┤Тќ░] УДдтЈЉ=PointerMoved ТюгжўХТ«х=0.616ms у┤»У«А=4.064ms UI=тљд WorldState=тљд Diagnostics=тљд Inspector=тљд
[22:56:25.572][Тјбжњѕ][GizmoТІќтіе][RenderScene preview тєЎтЁЦт«їТѕљ] УДдтЈЉ=PointerMoved ТюгжўХТ«х=0.586ms у┤»У«А=4.650ms UI=тљд WorldState=тљд Diagnostics=тљд Inspector=тљд
[22:56:25.573][Тјбжњѕ][GizmoТІќтіе][Redraw У»иТ▒ѓ reason=TransformPreview] УДдтЈЉ=PointerMoved ТюгжўХТ«х=0.585ms у┤»У«А=5.234ms UI=тљд WorldState=тљд Diagnostics=тљд Inspector=тљд
[22:56:25.573][Тјбжњѕ][GizmoТІќтіе][Redraw У»иТ▒ѓУ░Ѓт║д reason=TransformPreview] УДдтЈЉ=PointerMoved ТюгжўХТ«х=0.455ms у┤»У«А=5.689ms UI=тљд WorldState=тљд Diagnostics=тљд Inspector=тљд
[22:56:25.574][Тјбжњѕ][GizmoТІќтіе][PickSnapshot тѕиТќ░Уи│У┐Є(Preview)] УДдтЈЉ=PointerMoved ТюгжўХТ«х=0.564ms у┤»У«А=6.253ms UI=тљд WorldState=тљд Diagnostics=тљд Inspector=тљд
[22:56:25.574][Тјбжњѕ][GizmoТІќтіе][Dispatcher.UIThread.Post тЁЦжўЪ] УДдтЈЉ=PointerMoved ТюгжўХТ«х=0.426ms у┤»У«А=6.679ms UI=тљд WorldState=тљд Diagnostics=тљд Inspector=тљд
[22:56:25.575][Тјбжњѕ][GizmoТІќтіе][тИДу╗ЊТЮЪ] УДдтЈЉ=PointerMoved ТюгжўХТ«х=0.462ms у┤»У«А=7.142ms UI=тљд WorldState=тљд Diagnostics=тљд Inspector=тљд
[22:56:25.576][Тјбжњѕ][GizmoТІќтіе][Dispatcher.UIThread.Post ТЅДУАї] УДдтЈЉ=PointerMoved ТюгжўХТ«х=1.238ms у┤»У«А=8.380ms UI=тљд WorldState=тљд Diagnostics=тљд Inspector=тљд
[22:56:25.578][Тјбжњѕ][GizmoТІќтіе][Preview Render т«їТѕљ success=True] УДдтЈЉ=PointerMoved ТюгжўХТ«х=1.474ms у┤»У«А=9.854ms UI=тљд WorldState=тљд Diagnostics=тљд Inspector=тљд
[22:56:25.578][Тјбжњѕ][GizmoТІќтіе][Preview тИДУи│У┐Є Diagnostics тѕиТќ░] УДдтЈЉ=PointerMoved ТюгжўХТ«х=0.795ms у┤»У«А=10.649ms UI=тљд WorldState=тљд Diagnostics=тљд Inspector=тљд
[22:56:25.598][Тјбжњѕ][GizmoТІќтіе][PointerMovedтЁЦтЈБ] УДдтЈЉ=PointerMoved ТюгжўХТ«х=0.004ms у┤»У«А=0.004ms UI=тљд WorldState=тљд Diagnostics=тљд Inspector=тљд
[22:56:25.599][Тјбжњѕ][GizmoТІќтіе][Gizmo hit/drag Уи»ућ▒] УДдтЈЉ=PointerMoved ТюгжўХТ«х=0.866ms у┤»У«А=0.870ms UI=тљд WorldState=тљд Diagnostics=тљд Inspector=тљд
[22:56:25.600][Тјбжњѕ][GizmoТІќтіе][Preview transform У«Ау«Ќ] УДдтЈЉ=PointerMoved ТюгжўХТ«х=0.626ms у┤»У«А=1.496ms UI=тљд WorldState=тљд Diagnostics=тљд Inspector=тљд
[22:56:25.600][Тјбжњѕ][GizmoТІќтіе][Gizmo drag У«Ау«Ќ] УДдтЈЉ=PointerMoved ТюгжўХТ«х=0.527ms у┤»У«А=2.023ms UI=тљд WorldState=тљд Diagnostics=тљд Inspector=тљд
[22:56:25.601][Тјбжњѕ][GizmoТІќтіе][RenderScene preview тєЎтЁЦ] УДдтЈЉ=PointerMoved ТюгжўХТ«х=0.509ms у┤»У«А=2.532ms UI=тљд WorldState=тљд Diagnostics=тљд Inspector=тљд
[22:56:25.601][Тјбжњѕ][GizmoТІќтіе][RenderScene тєЁтГўТЏ┤Тќ░] УДдтЈЉ=PointerMoved ТюгжўХТ«х=0.681ms у┤»У«А=3.213ms UI=тљд WorldState=тљд Diagnostics=тљд Inspector=тљд
[22:56:25.602][Тјбжњѕ][GizmoТІќтіе][RenderScene preview тєЎтЁЦт«їТѕљ] УДдтЈЉ=PointerMoved ТюгжўХТ«х=0.437ms у┤»У«А=3.650ms UI=тљд WorldState=тљд Diagnostics=тљд Inspector=тљд
[22:56:25.602][Тјбжњѕ][GizmoТІќтіе][Redraw У»иТ▒ѓ reason=TransformPreview] УДдтЈЉ=PointerMoved ТюгжўХТ«х=0.391ms у┤»У«А=4.041ms UI=тљд WorldState=тљд Diagnostics=тљд Inspector=тљд
[22:56:25.602][Тјбжњѕ][GizmoТІќтіе][Redraw У»иТ▒ѓУ░Ѓт║д reason=TransformPreview] УДдтЈЉ=PointerMoved ТюгжўХТ«х=0.361ms у┤»У«А=4.402ms UI=тљд WorldState=тљд Diagnostics=тљд Inspector=тљд
[22:56:25.603][Тјбжњѕ][GizmoТІќтіе][PickSnapshot тѕиТќ░Уи│У┐Є(Preview)] УДдтЈЉ=PointerMoved ТюгжўХТ«х=0.519ms у┤»У«А=4.920ms UI=тљд WorldState=тљд Diagnostics=тљд Inspector=тљд
[22:56:25.603][Тјбжњѕ][GizmoТІќтіе][Dispatcher.UIThread.Post тЁЦжўЪ] УДдтЈЉ=PointerMoved ТюгжўХТ«х=0.420ms у┤»У«А=5.341ms UI=тљд WorldState=тљд Diagnostics=тљд Inspector=тљд
[22:56:25.604][Тјбжњѕ][GizmoТІќтіе][тИДу╗ЊТЮЪ] УДдтЈЉ=PointerMoved ТюгжўХТ«х=0.410ms у┤»У«А=5.751ms UI=тљд WorldState=тљд Diagnostics=тљд Inspector=тљд
[22:56:25.605][Тјбжњѕ][GizmoТІќтіе][Dispatcher.UIThread.Post ТЅДУАї] УДдтЈЉ=PointerMoved ТюгжўХТ«х=0.838ms у┤»У«А=6.589ms UI=тљд WorldState=тљд Diagnostics=тљд Inspector=тљд
[22:56:25.606][Тјбжњѕ][GizmoТІќтіе][Preview Render т«їТѕљ success=True] УДдтЈЉ=PointerMoved ТюгжўХТ«х=1.078ms у┤»У«А=7.667ms UI=тљд WorldState=тљд Diagnostics=тљд Inspector=тљд
[22:56:25.606][Тјбжњѕ][GizmoТІќтіе][Preview тИДУи│У┐Є Diagnostics тѕиТќ░] УДдтЈЉ=PointerMoved ТюгжўХТ«х=0.611ms у┤»У«А=8.278ms UI=тљд WorldState=тљд Diagnostics=тљд Inspector=тљд
[22:56:25.629][Тјбжњѕ][GizmoТІќтіе][PointerMovedтЁЦтЈБ] УДдтЈЉ=PointerMoved ТюгжўХТ«х=0.004ms у┤»У«А=0.004ms UI=тљд WorldState=тљд Diagnostics=тљд Inspector=тљд
[22:56:25.630][Тјбжњѕ][GizmoТІќтіе][Gizmo hit/drag Уи»ућ▒] УДдтЈЉ=PointerMoved ТюгжўХТ«х=0.790ms у┤»У«А=0.794ms UI=тљд WorldState=тљд Diagnostics=тљд Inspector=тљд
[22:56:25.630][Тјбжњѕ][GizmoТІќтіе][Preview transform У«Ау«Ќ] УДдтЈЉ=PointerMoved ТюгжўХТ«х=0.408ms у┤»У«А=1.202ms UI=тљд WorldState=тљд Diagnostics=тљд Inspector=тљд
[22:56:25.631][Тјбжњѕ][GizmoТІќтіе][Gizmo drag У«Ау«Ќ] УДдтЈЉ=PointerMoved ТюгжўХТ«х=0.687ms у┤»У«А=1.889ms UI=тљд WorldState=тљд Diagnostics=тљд Inspector=тљд
[22:56:25.631][Тјбжњѕ][GizmoТІќтіе][RenderScene preview тєЎтЁЦ] УДдтЈЉ=PointerMoved ТюгжўХТ«х=0.637ms у┤»У«А=2.526ms UI=тљд WorldState=тљд Diagnostics=тљд Inspector=тљд
[22:56:25.632][Тјбжњѕ][GizmoТІќтіе][RenderScene тєЁтГўТЏ┤Тќ░] УДдтЈЉ=PointerMoved ТюгжўХТ«х=0.648ms у┤»У«А=3.175ms UI=тљд WorldState=тљд Diagnostics=тљд Inspector=тљд
[22:56:25.632][Тјбжњѕ][GizmoТІќтіе][RenderScene preview тєЎтЁЦт«їТѕљ] УДдтЈЉ=PointerMoved ТюгжўХТ«х=0.466ms у┤»У«А=3.640ms UI=тљд WorldState=тљд Diagnostics=тљд Inspector=тљд
[22:56:25.633][Тјбжњѕ][GizmoТІќтіе][Redraw У»иТ▒ѓ reason=TransformPreview] УДдтЈЉ=PointerMoved ТюгжўХТ«х=0.484ms у┤»У«А=4.125ms UI=тљд WorldState=тљд Diagnostics=тљд Inspector=тљд
[22:56:25.633][Тјбжњѕ][GizmoТІќтіе][Redraw У»иТ▒ѓУ░Ѓт║д reason=TransformPreview] УДдтЈЉ=PointerMoved ТюгжўХТ«х=0.483ms у┤»У«А=4.608ms UI=тљд WorldState=тљд Diagnostics=тљд Inspector=тљд
[22:56:25.634][Тјбжњѕ][GizmoТІќтіе][PickSnapshot тѕиТќ░Уи│У┐Є(Preview)] УДдтЈЉ=PointerMoved ТюгжўХТ«х=0.495ms у┤»У«А=5.103ms UI=тљд WorldState=тљд Diagnostics=тљд Inspector=тљд
[22:56:25.634][Тјбжњѕ][GizmoТІќтіе][Dispatcher.UIThread.Post тЁЦжўЪ] УДдтЈЉ=PointerMoved ТюгжўХТ«х=0.411ms у┤»У«А=5.514ms UI=тљд WorldState=тљд Diagnostics=тљд Inspector=тљд
[22:56:25.635][Тјбжњѕ][GizmoТІќтіе][тИДу╗ЊТЮЪ] УДдтЈЉ=PointerMoved ТюгжўХТ«х=0.492ms у┤»У«А=6.006ms UI=тљд WorldState=тљд Diagnostics=тљд Inspector=тљд
[22:56:25.636][Тјбжњѕ][GizmoТІќтіе][Dispatcher.UIThread.Post ТЅДУАї] УДдтЈЉ=PointerMoved ТюгжўХТ«х=1.080ms у┤»У«А=7.086ms UI=тљд WorldState=тљд Diagnostics=тљд Inspector=тљд
[22:56:25.637][Тјбжњѕ][GizmoТІќтіе][Preview Render т«їТѕљ success=True] УДдтЈЉ=PointerMoved ТюгжўХТ«х=1.389ms у┤»У«А=8.476ms UI=тљд WorldState=тљд Diagnostics=тљд Inspector=тљд
[22:56:25.638][Тјбжњѕ][GizmoТІќтіе][Preview тИДУи│У┐Є Diagnostics тѕиТќ░] УДдтЈЉ=PointerMoved ТюгжўХТ«х=0.695ms у┤»У«А=9.171ms UI=тљд WorldState=тљд Diagnostics=тљд Inspector=тљд
[22:56:25.659][Тјбжњѕ][GizmoТІќтіе][PointerMovedтЁЦтЈБ] УДдтЈЉ=PointerMoved ТюгжўХТ«х=0.004ms у┤»У«А=0.004ms UI=тљд WorldState=тљд Diagnostics=тљд Inspector=тљд
[22:56:25.660][Тјбжњѕ][GizmoТІќтіе][Gizmo hit/drag Уи»ућ▒] УДдтЈЉ=PointerMoved ТюгжўХТ«х=1.054ms у┤»У«А=1.058ms UI=тљд WorldState=тљд Diagnostics=тљд Inspector=тљд
[22:56:25.661][Тјбжњѕ][GizmoТІќтіе][Preview transform У«Ау«Ќ] УДдтЈЉ=PointerMoved ТюгжўХТ«х=0.596ms у┤»У«А=1.655ms UI=тљд WorldState=тљд Diagnostics=тљд Inspector=тљд
[22:56:25.662][Тјбжњѕ][GizmoТІќтіе][Gizmo drag У«Ау«Ќ] УДдтЈЉ=PointerMoved ТюгжўХТ«х=0.822ms у┤»У«А=2.477ms UI=тљд WorldState=тљд Diagnostics=тљд Inspector=тљд
[22:56:25.662][Тјбжњѕ][GizmoТІќтіе][RenderScene preview тєЎтЁЦ] УДдтЈЉ=PointerMoved ТюгжўХТ«х=0.645ms у┤»У«А=3.122ms UI=тљд WorldState=тљд Diagnostics=тљд Inspector=тљд
[22:56:25.663][Тјбжњѕ][GizmoТІќтіе][RenderScene тєЁтГўТЏ┤Тќ░] УДдтЈЉ=PointerMoved ТюгжўХТ«х=0.601ms у┤»У«А=3.723ms UI=тљд WorldState=тљд Diagnostics=тљд Inspector=тљд
[22:56:25.663][Тјбжњѕ][GizmoТІќтіе][RenderScene preview тєЎтЁЦт«їТѕљ] УДдтЈЉ=PointerMoved ТюгжўХТ«х=0.432ms у┤»У«А=4.154ms UI=тљд WorldState=тљд Diagnostics=тљд Inspector=тљд
[22:56:25.664][Тјбжњѕ][GizmoТІќтіе][Redraw У»иТ▒ѓ reason=TransformPreview] УДдтЈЉ=PointerMoved ТюгжўХТ«х=0.644ms у┤»У«А=4.799ms UI=тљд WorldState=тљд Diagnostics=тљд Inspector=тљд
[22:56:25.664][Тјбжњѕ][GizmoТІќтіе][Redraw У»иТ▒ѓУ░Ѓт║д reason=TransformPreview] УДдтЈЉ=PointerMoved ТюгжўХТ«х=0.441ms у┤»У«А=5.239ms UI=тљд WorldState=тљд Diagnostics=тљд Inspector=тљд
[22:56:25.665][Тјбжњѕ][GizmoТІќтіе][PickSnapshot тѕиТќ░Уи│У┐Є(Preview)] УДдтЈЉ=PointerMoved ТюгжўХТ«х=0.579ms у┤»У«А=5.818ms UI=тљд WorldState=тљд Diagnostics=тљд Inspector=тљд
[22:56:25.665][Тјбжњѕ][GizmoТІќтіе][Dispatcher.UIThread.Post тЁЦжўЪ] УДдтЈЉ=PointerMoved ТюгжўХТ«х=0.538ms у┤»У«А=6.356ms UI=тљд WorldState=тљд Diagnostics=тљд Inspector=тљд
[22:56:25.666][Тјбжњѕ][GizmoТІќтіе][тИДу╗ЊТЮЪ] УДдтЈЉ=PointerMoved ТюгжўХТ«х=0.603ms у┤»У«А=6.958ms UI=тљд WorldState=тљд Diagnostics=тљд Inspector=тљд
[22:56:25.667][Тјбжњѕ][GizmoТІќтіе][Dispatcher.UIThread.Post ТЅДУАї] УДдтЈЉ=PointerMoved ТюгжўХТ«х=1.073ms у┤»У«А=8.031ms UI=тљд WorldState=тљд Diagnostics=тљд Inspector=тљд
[22:56:25.669][Тјбжњѕ][GizmoТІќтіе][Preview Render т«їТѕљ success=True] УДдтЈЉ=PointerMoved ТюгжўХТ«х=1.506ms у┤»У«А=9.537ms UI=тљд WorldState=тљд Diagnostics=тљд Inspector=тљд
[22:56:25.669][Тјбжњѕ][GizmoТІќтіе][Preview тИДУи│У┐Є Diagnostics тѕиТќ░] УДдтЈЉ=PointerMoved ТюгжўХТ«х=0.755ms у┤»У«А=10.292ms UI=тљд WorldState=тљд Diagnostics=тљд Inspector=тљд
[22:56:25.692][Тјбжњѕ][GizmoТІќтіе][PointerMovedтЁЦтЈБ] УДдтЈЉ=PointerMoved ТюгжўХТ«х=0.006ms у┤»У«А=0.006ms UI=тљд WorldState=тљд Diagnostics=тљд Inspector=тљд
[22:56:25.694][Тјбжњѕ][GizmoТІќтіе][Gizmo hit/drag Уи»ућ▒] УДдтЈЉ=PointerMoved ТюгжўХТ«х=2.125ms у┤»У«А=2.131ms UI=тљд WorldState=тљд Diagnostics=тљд Inspector=тљд
[22:56:25.695][Тјбжњѕ][GizmoТІќтіе][Preview transform У«Ау«Ќ] УДдтЈЉ=PointerMoved ТюгжўХТ«х=0.899ms у┤»У«А=3.030ms UI=тљд WorldState=тљд Diagnostics=тљд Inspector=тљд
[22:56:25.695][Тјбжњѕ][GizmoТІќтіе][Gizmo drag У«Ау«Ќ] УДдтЈЉ=PointerMoved ТюгжўХТ«х=0.610ms у┤»У«А=3.640ms UI=тљд WorldState=тљд Diagnostics=тљд Inspector=тљд
[22:56:25.696][Тјбжњѕ][GizmoТІќтіе][RenderScene preview тєЎтЁЦ] УДдтЈЉ=PointerMoved ТюгжўХТ«х=0.519ms у┤»У«А=4.159ms UI=тљд WorldState=тљд Diagnostics=тљд Inspector=тљд
[22:56:25.696][Тјбжњѕ][GizmoТІќтіе][RenderScene тєЁтГўТЏ┤Тќ░] УДдтЈЉ=PointerMoved ТюгжўХТ«х=0.519ms у┤»У«А=4.678ms UI=тљд WorldState=тљд Diagnostics=тљд Inspector=тљд
[22:56:25.697][Тјбжњѕ][GizmoТІќтіе][RenderScene preview тєЎтЁЦт«їТѕљ] УДдтЈЉ=PointerMoved ТюгжўХТ«х=0.626ms у┤»У«А=5.304ms UI=тљд WorldState=тљд Diagnostics=тљд Inspector=тљд
[22:56:25.698][Тјбжњѕ][GizmoТІќтіе][Redraw У»иТ▒ѓ reason=TransformPreview] УДдтЈЉ=PointerMoved ТюгжўХТ«х=0.664ms у┤»У«А=5.969ms UI=тљд WorldState=тљд Diagnostics=тљд Inspector=тљд
[22:56:25.698][Тјбжњѕ][GizmoТІќтіе][Redraw У»иТ▒ѓУ░Ѓт║д reason=TransformPreview] УДдтЈЉ=PointerMoved ТюгжўХТ«х=0.698ms у┤»У«А=6.667ms UI=тљд WorldState=тљд Diagnostics=тљд Inspector=тљд
[22:56:25.699][Тјбжњѕ][GizmoТІќтіе][PickSnapshot тѕиТќ░Уи│У┐Є(Preview)] УДдтЈЉ=PointerMoved ТюгжўХТ«х=0.624ms у┤»У«А=7.291ms UI=тљд WorldState=тљд Diagnostics=тљд Inspector=тљд
[22:56:25.700][Тјбжњѕ][GizmoТІќтіе][Dispatcher.UIThread.Post тЁЦжўЪ] УДдтЈЉ=PointerMoved ТюгжўХТ«х=0.641ms у┤»У«А=7.931ms UI=тљд WorldState=тљд Diagnostics=тљд Inspector=тљд
[22:56:25.700][Тјбжњѕ][GizmoТІќтіе][тИДу╗ЊТЮЪ] УДдтЈЉ=PointerMoved ТюгжўХТ«х=0.788ms у┤»У«А=8.720ms UI=тљд WorldState=тљд Diagnostics=тљд Inspector=тљд
[22:56:25.701][Тјбжњѕ][GizmoТІќтіе][Dispatcher.UIThread.Post ТЅДУАї] УДдтЈЉ=PointerMoved ТюгжўХТ«х=0.942ms у┤»У«А=9.662ms UI=тљд WorldState=тљд Diagnostics=тљд Inspector=тљд
[22:56:25.703][Тјбжњѕ][GizmoТІќтіе][Preview Render т«їТѕљ success=True] УДдтЈЉ=PointerMoved ТюгжўХТ«х=1.584ms у┤»У«А=11.246ms UI=тљд WorldState=тљд Diagnostics=тљд Inspector=тљд
[22:56:25.704][Тјбжњѕ][GizmoТІќтіе][Preview тИДУи│У┐Є Diagnostics тѕиТќ░] УДдтЈЉ=PointerMoved ТюгжўХТ«х=1.052ms у┤»У«А=12.298ms UI=тљд WorldState=тљд Diagnostics=тљд Inspector=тљд
[22:56:25.716][Тјбжњѕ][GizmoТІќтіе][PointerMovedтЁЦтЈБ] УДдтЈЉ=PointerMoved ТюгжўХТ«х=0.002ms у┤»У«А=0.002ms UI=тљд WorldState=тљд Diagnostics=тљд Inspector=тљд
[22:56:25.716][Тјбжњѕ][GizmoТІќтіе][Gizmo hit/drag Уи»ућ▒] УДдтЈЉ=PointerMoved ТюгжўХТ«х=0.671ms у┤»У«А=0.674ms UI=тљд WorldState=тљд Diagnostics=тљд Inspector=тљд
[22:56:25.717][Тјбжњѕ][GizmoТІќтіе][Preview transform У«Ау«Ќ] УДдтЈЉ=PointerMoved ТюгжўХТ«х=0.506ms у┤»У«А=1.180ms UI=тљд WorldState=тљд Diagnostics=тљд Inspector=тљд
[22:56:25.718][Тјбжњѕ][GizmoТІќтіе][Gizmo drag У«Ау«Ќ] УДдтЈЉ=PointerMoved ТюгжўХТ«х=0.642ms у┤»У«А=1.821ms UI=тљд WorldState=тљд Diagnostics=тљд Inspector=тљд
[22:56:25.718][Тјбжњѕ][GizmoТІќтіе][тИДу╗ЊТЮЪ] УДдтЈЉ=PointerMoved ТюгжўХТ«х=0.662ms у┤»У«А=2.484ms UI=тљд WorldState=тљд Diagnostics=тљд Inspector=тљд
[22:56:25.722][Тјбжњѕ][GizmoТІќтіе][PointerMovedтЁЦтЈБ] УДдтЈЉ=PointerMoved ТюгжўХТ«х=0.001ms у┤»У«А=0.001ms UI=тљд WorldState=тљд Diagnostics=тљд Inspector=тљд
[22:56:25.723][Тјбжњѕ][GizmoТІќтіе][Gizmo hit/drag Уи»ућ▒] УДдтЈЉ=PointerMoved ТюгжўХТ«х=0.703ms у┤»У«А=0.704ms UI=тљд WorldState=тљд Diagnostics=тљд Inspector=тљд
[22:56:25.723][Тјбжњѕ][GizmoТІќтіе][Preview transform У«Ау«Ќ] УДдтЈЉ=PointerMoved ТюгжўХТ«х=0.484ms у┤»У«А=1.188ms UI=тљд WorldState=тљд Diagnostics=тљд Inspector=тљд
[22:56:25.724][Тјбжњѕ][GizmoТІќтіе][Gizmo drag У«Ау«Ќ] УДдтЈЉ=PointerMoved ТюгжўХТ«х=0.474ms у┤»У«А=1.662ms UI=тљд WorldState=тљд Diagnostics=тљд Inspector=тљд
[22:56:25.724][Тјбжњѕ][GizmoТІќтіе][RenderScene preview тєЎтЁЦ] УДдтЈЉ=PointerMoved ТюгжўХТ«х=0.464ms у┤»У«А=2.126ms UI=тљд WorldState=тљд Diagnostics=тљд Inspector=тљд
[22:56:25.725][Тјбжњѕ][GizmoТІќтіе][RenderScene тєЁтГўТЏ┤Тќ░] УДдтЈЉ=PointerMoved ТюгжўХТ«х=0.403ms у┤»У«А=2.529ms UI=тљд WorldState=тљд Diagnostics=тљд Inspector=тљд
[22:56:25.725][Тјбжњѕ][GizmoТІќтіе][RenderScene preview тєЎтЁЦт«їТѕљ] УДдтЈЉ=PointerMoved ТюгжўХТ«х=0.378ms у┤»У«А=2.908ms UI=тљд WorldState=тљд Diagnostics=тљд Inspector=тљд
[22:56:25.725][Тјбжњѕ][GizmoТІќтіе][Redraw У»иТ▒ѓ reason=TransformPreview] УДдтЈЉ=PointerMoved ТюгжўХТ«х=0.355ms у┤»У«А=3.263ms UI=тљд WorldState=тљд Diagnostics=тљд Inspector=тљд
[22:56:25.726][Тјбжњѕ][GizmoТІќтіе][Redraw У»иТ▒ѓУ░Ѓт║д reason=TransformPreview] УДдтЈЉ=PointerMoved ТюгжўХТ«х=0.382ms у┤»У«А=3.644ms UI=тљд WorldState=тљд Diagnostics=тљд Inspector=тљд
[22:56:25.726][Тјбжњѕ][GizmoТІќтіе][PickSnapshot тѕиТќ░Уи│У┐Є(Preview)] УДдтЈЉ=PointerMoved ТюгжўХТ«х=0.338ms у┤»У«А=3.982ms UI=тљд WorldState=тљд Diagnostics=тљд Inspector=тљд
[22:56:25.727][Тјбжњѕ][GizmoТІќтіе][Dispatcher.UIThread.Post тЁЦжўЪ] УДдтЈЉ=PointerMoved ТюгжўХТ«х=0.320ms у┤»У«А=4.302ms UI=тљд WorldState=тљд Diagnostics=тљд Inspector=тљд
[22:56:25.727][Тјбжњѕ][GizmoТІќтіе][тИДу╗ЊТЮЪ] УДдтЈЉ=PointerMoved ТюгжўХТ«х=0.418ms у┤»У«А=4.720ms UI=тљд WorldState=тљд Diagnostics=тљд Inspector=тљд
[22:56:25.727][Тјбжњѕ][GizmoТІќтіе][Dispatcher.UIThread.Post ТЅДУАї] УДдтЈЉ=PointerMoved ТюгжўХТ«х=0.404ms у┤»У«А=5.124ms UI=тљд WorldState=тљд Diagnostics=тљд Inspector=тљд
[22:56:25.729][Тјбжњѕ][GizmoТІќтіе][Preview Render т«їТѕљ success=True] УДдтЈЉ=PointerMoved ТюгжўХТ«х=1.191ms у┤»У«А=6.315ms UI=тљд WorldState=тљд Diagnostics=тљд Inspector=тљд
[22:56:25.729][Тјбжњѕ][GizmoТІќтіе][Preview тИДУи│У┐Є Diagnostics тѕиТќ░] УДдтЈЉ=PointerMoved ТюгжўХТ«х=0.675ms у┤»У«А=6.990ms UI=тљд WorldState=тљд Diagnostics=тљд Inspector=тљд
[22:56:25.753][Тјбжњѕ][GizmoТІќтіе][PointerMovedтЁЦтЈБ] УДдтЈЉ=PointerMoved ТюгжўХТ«х=0.004ms у┤»У«А=0.004ms UI=тљд WorldState=тљд Diagnostics=тљд Inspector=тљд
[22:56:25.755][Тјбжњѕ][GizmoТІќтіе][Gizmo hit/drag Уи»ућ▒] УДдтЈЉ=PointerMoved ТюгжўХТ«х=1.301ms у┤»У«А=1.306ms UI=тљд WorldState=тљд Diagnostics=тљд Inspector=тљд
[22:56:25.755][Тјбжњѕ][GizmoТІќтіе][Preview transform У«Ау«Ќ] УДдтЈЉ=PointerMoved ТюгжўХТ«х=0.602ms у┤»У«А=1.907ms UI=тљд WorldState=тљд Diagnostics=тљд Inspector=тљд
[22:56:25.756][Тјбжњѕ][GizmoТІќтіе][Gizmo drag У«Ау«Ќ] УДдтЈЉ=PointerMoved ТюгжўХТ«х=1.088ms у┤»У«А=2.995ms UI=тљд WorldState=тљд Diagnostics=тљд Inspector=тљд
[22:56:25.757][Тјбжњѕ][GizmoТІќтіе][RenderScene preview тєЎтЁЦ] УДдтЈЉ=PointerMoved ТюгжўХТ«х=0.591ms у┤»У«А=3.586ms UI=тљд WorldState=тљд Diagnostics=тљд Inspector=тљд
[22:56:25.757][Тјбжњѕ][GizmoТІќтіе][RenderScene тєЁтГўТЏ┤Тќ░] УДдтЈЉ=PointerMoved ТюгжўХТ«х=0.608ms у┤»У«А=4.194ms UI=тљд WorldState=тљд Diagnostics=тљд Inspector=тљд
[22:56:25.758][Тјбжњѕ][GizmoТІќтіе][RenderScene preview тєЎтЁЦт«їТѕљ] УДдтЈЉ=PointerMoved ТюгжўХТ«х=0.658ms у┤»У«А=4.852ms UI=тљд WorldState=тљд Diagnostics=тљд Inspector=тљд
[22:56:25.759][Тјбжњѕ][GizmoТІќтіе][Redraw У»иТ▒ѓ reason=TransformPreview] УДдтЈЉ=PointerMoved ТюгжўХТ«х=0.648ms у┤»У«А=5.500ms UI=тљд WorldState=тљд Diagnostics=тљд Inspector=тљд
[22:56:25.759][Тјбжњѕ][GizmoТІќтіе][Redraw У»иТ▒ѓУ░Ѓт║д reason=TransformPreview] УДдтЈЉ=PointerMoved ТюгжўХТ«х=0.477ms у┤»У«А=5.977ms UI=тљд WorldState=тљд Diagnostics=тљд Inspector=тљд
[22:56:25.760][Тјбжњѕ][GizmoТІќтіе][PickSnapshot тѕиТќ░Уи│У┐Є(Preview)] УДдтЈЉ=PointerMoved ТюгжўХТ«х=0.392ms у┤»У«А=6.369ms UI=тљд WorldState=тљд Diagnostics=тљд Inspector=тљд
[22:56:25.760][Тјбжњѕ][GizmoТІќтіе][Dispatcher.UIThread.Post тЁЦжўЪ] УДдтЈЉ=PointerMoved ТюгжўХТ«х=0.424ms у┤»У«А=6.793ms UI=тљд WorldState=тљд Diagnostics=тљд Inspector=тљд
[22:56:25.761][Тјбжњѕ][GizmoТІќтіе][тИДу╗ЊТЮЪ] УДдтЈЉ=PointerMoved ТюгжўХТ«х=0.485ms у┤»У«А=7.278ms UI=тљд WorldState=тљд Diagnostics=тљд Inspector=тљд
[22:56:25.761][Тјбжњѕ][GizmoТІќтіе][Dispatcher.UIThread.Post ТЅДУАї] УДдтЈЉ=PointerMoved ТюгжўХТ«х=0.499ms у┤»У«А=7.778ms UI=тљд WorldState=тљд Diagnostics=тљд Inspector=тљд
[22:56:25.762][Тјбжњѕ][GizmoТІќтіе][Preview Render т«їТѕљ success=True] УДдтЈЉ=PointerMoved ТюгжўХТ«х=1.163ms у┤»У«А=8.940ms UI=тљд WorldState=тљд Diagnostics=тљд Inspector=тљд
[22:56:25.763][Тјбжњѕ][GizmoТІќтіе][Preview тИДУи│У┐Є Diagnostics тѕиТќ░] УДдтЈЉ=PointerMoved ТюгжўХТ«х=0.797ms у┤»У«А=9.737ms UI=тљд WorldState=тљд Diagnostics=тљд Inspector=тљд
[22:56:25.787][Тјбжњѕ][GizmoRelease][End] action=Confirmed pos=(-13.03,6.22,4.81)
